[01m[K/home/ghlins/new_tracker/src/rm_auto_aim/new_tracker/src/new_tracker_node.cpp:[m[K In member function â€˜[01m[Kvoid rm_auto_aim::NewTrackerNode::FindNearestArmor(const SharedPtr&)[m[Kâ€™:
[01m[K/home/ghlins/new_tracker/src/rm_auto_aim/new_tracker/src/new_tracker_node.cpp:42:7:[m[K [01;31m[Kerror: [m[Kâ€˜[01m[Karmors_msg[m[Kâ€™ was not declared in this scope; did you mean â€˜[01m[Karmors[m[Kâ€™?
   42 |   if ([01;31m[Karmors_msg[m[K->armors.empty()) {
      |       [01;31m[K^~~~~~~~~~[m[K
      |       [32m[Karmors[m[K
[01m[K/home/ghlins/new_tracker/src/rm_auto_aim/new_tracker/src/new_tracker_node.cpp:46:19:[m[K [01;31m[Kerror: [m[Kâ€˜[01m[Karmors_msg[m[Kâ€™ was not declared in this scope; did you mean â€˜[01m[Karmors[m[Kâ€™?
   46 |   tracked_armor = [01;31m[Karmors_msg[m[K->armors[0];
      |                   [01;31m[K^~~~~~~~~~[m[K
      |                   [32m[Karmors[m[K
gmake[2]: *** [CMakeFiles/new_armor_tracker.dir/build.make:76: CMakeFiles/new_armor_tracker.dir/src/new_tracker_node.cpp.o] Error 1
gmake[1]: *** [CMakeFiles/Makefile2:139: CMakeFiles/new_armor_tracker.dir/all] Error 2
gmake: *** [Makefile:146: all] Error 2
