[0.059s] Invoking command in '/home/ghlins/new_tracker/build/armor_detector': AMENT_PREFIX_PATH=/home/ghlins/new_tracker/install/auto_aim_interfaces:${AMENT_PREFIX_PATH} CMAKE_PREFIX_PATH=/home/ghlins/new_tracker/install/auto_aim_interfaces:/opt/ros/humble LD_LIBRARY_PATH=/home/ghlins/new_tracker/install/auto_aim_interfaces/lib:${LD_LIBRARY_PATH} PYTHONPATH=/home/ghlins/new_tracker/install/auto_aim_interfaces/local/lib/python3.10/dist-packages:${PYTHONPATH} /usr/bin/cmake /home/ghlins/new_tracker/src/rm_auto_aim/armor_detector -DCMAKE_INSTALL_PREFIX=/home/ghlins/new_tracker/install/armor_detector
[0.138s] -- The C compiler identification is GNU 11.4.0
[0.434s] -- The CXX compiler identification is GNU 11.4.0
[0.660s] -- Detecting C compiler ABI info
[0.743s] -- Detecting C compiler ABI info - done
[0.748s] -- Check for working C compiler: /usr/bin/cc - skipped
[0.748s] -- Detecting C compile features
[0.748s] -- Detecting C compile features - done
[0.750s] -- Detecting CXX compiler ABI info
[0.843s] -- Detecting CXX compiler ABI info - done
[0.848s] -- Check for working CXX compiler: /usr/bin/c++ - skipped
[0.848s] -- Detecting CXX compile features
[0.848s] -- Detecting CXX compile features - done
[0.849s] -- Found ament_cmake_auto: 1.3.5 (/opt/ros/humble/share/ament_cmake_auto/cmake)
[0.960s] -- Found Python3: /usr/bin/python3.10 (found version "3.10.12") found components: Interpreter 
[1.025s] -- Found OpenCV: /usr (found version "4.5.4") 
[1.146s] -- Found rosidl_generator_c: 3.1.4 (/opt/ros/humble/share/rosidl_generator_c/cmake)
[1.149s] -- Found rosidl_adapter: 3.1.4 (/opt/ros/humble/share/rosidl_adapter/cmake)
[1.154s] -- Found rosidl_generator_cpp: 3.1.4 (/opt/ros/humble/share/rosidl_generator_cpp/cmake)
[1.163s] -- Using all available rosidl_typesupport_c: rosidl_typesupport_fastrtps_c;rosidl_typesupport_introspection_c
[1.175s] -- Using all available rosidl_typesupport_cpp: rosidl_typesupport_fastrtps_cpp;rosidl_typesupport_introspection_cpp
[1.218s] -- Found rmw_implementation_cmake: 6.1.1 (/opt/ros/humble/share/rmw_implementation_cmake/cmake)
[1.219s] -- Found rmw_fastrtps_cpp: 6.2.2 (/opt/ros/humble/share/rmw_fastrtps_cpp/cmake)
[1.603s] -- Found OpenSSL: /usr/lib/x86_64-linux-gnu/libcrypto.so (found version "3.0.2")  
[2.014s] -- Found FastRTPS: /opt/ros/humble/include  
[2.738s] -- Using RMW implementation 'rmw_fastrtps_cpp' as default
[2.744s] -- Looking for pthread.h
[2.827s] -- Looking for pthread.h - found
[2.827s] -- Performing Test CMAKE_HAVE_LIBC_PTHREAD
[2.905s] -- Performing Test CMAKE_HAVE_LIBC_PTHREAD - Success
[2.906s] -- Found Threads: TRUE  
[4.549s] -- Found eigen3_cmake_module: 0.1.1 (/opt/ros/humble/share/eigen3_cmake_module/cmake)
[4.550s] -- Found Eigen3: TRUE (found version "3.4.0") 
[4.550s] -- Ensuring Eigen3 include directory is part of orocos-kdl CMake target
[4.759s] -- Found ament_lint_auto: 0.12.6 (/opt/ros/humble/share/ament_lint_auto/cmake)
[4.770s] -- Found ament_cmake_gtest: 1.3.5 (/opt/ros/humble/share/ament_cmake_gtest/cmake)
[4.772s] -- Found gtest sources under '/opt/ros/humble/src/gtest_vendor': C++ tests using 'Google Test' will be built
[4.779s] -- Added test 'cppcheck' to perform static code analysis on C / C++ code
[4.779s] -- Configured cppcheck include dirs: /home/ghlins/new_tracker/src/rm_auto_aim/armor_detector/include
[4.779s] -- Configured cppcheck exclude dirs and/or files: 
[4.780s] -- Added test 'lint_cmake' to check CMake code style
[4.780s] -- Added test 'xmllint' to check XML markup files
[4.781s] -- Added test 'clang_format' to check C / C++ code style
[4.782s] -- Configuring done
[4.806s] -- Generating done
[4.807s] -- Build files have been written to: /home/ghlins/new_tracker/build/armor_detector
[4.818s] Invoked command in '/home/ghlins/new_tracker/build/armor_detector' returned '0': AMENT_PREFIX_PATH=/home/ghlins/new_tracker/install/auto_aim_interfaces:${AMENT_PREFIX_PATH} CMAKE_PREFIX_PATH=/home/ghlins/new_tracker/install/auto_aim_interfaces:/opt/ros/humble LD_LIBRARY_PATH=/home/ghlins/new_tracker/install/auto_aim_interfaces/lib:${LD_LIBRARY_PATH} PYTHONPATH=/home/ghlins/new_tracker/install/auto_aim_interfaces/local/lib/python3.10/dist-packages:${PYTHONPATH} /usr/bin/cmake /home/ghlins/new_tracker/src/rm_auto_aim/armor_detector -DCMAKE_INSTALL_PREFIX=/home/ghlins/new_tracker/install/armor_detector
[4.818s] Invoking command in '/home/ghlins/new_tracker/build/armor_detector': AMENT_PREFIX_PATH=/home/ghlins/new_tracker/install/auto_aim_interfaces:${AMENT_PREFIX_PATH} CMAKE_PREFIX_PATH=/home/ghlins/new_tracker/install/auto_aim_interfaces:/opt/ros/humble LD_LIBRARY_PATH=/home/ghlins/new_tracker/install/auto_aim_interfaces/lib:${LD_LIBRARY_PATH} PYTHONPATH=/home/ghlins/new_tracker/install/auto_aim_interfaces/local/lib/python3.10/dist-packages:${PYTHONPATH} /usr/bin/cmake --build /home/ghlins/new_tracker/build/armor_detector -- -j20 -l20
[4.850s] [  6%] [32mBuilding CXX object gtest/CMakeFiles/gtest.dir/src/gtest-all.cc.o[0m
[4.850s] [ 13%] [32mBuilding CXX object CMakeFiles/armor_detector.dir/src/detector.cpp.o[0m
[4.850s] [ 20%] [32mBuilding CXX object CMakeFiles/armor_detector.dir/src/pnp_solver.cpp.o[0m
[4.851s] [ 26%] [32mBuilding CXX object CMakeFiles/armor_detector.dir/src/number_classifier.cpp.o[0m
[4.851s] [ 33%] [32mBuilding CXX object CMakeFiles/armor_detector_node.dir/rclcpp_components/node_main_armor_detector_node.cpp.o[0m
[4.851s] [ 40%] [32mBuilding CXX object CMakeFiles/armor_detector.dir/src/detector_node.cpp.o[0m
[4.852s] [ 46%] [32mBuilding CXX object gtest/CMakeFiles/gtest_main.dir/src/gtest_main.cc.o[0m
[5.477s] [ 53%] [32m[1mLinking CXX static library libgtest_main.a[0m
[5.502s] [ 53%] Built target gtest_main
[7.378s] [ 60%] [32m[1mLinking CXX static library libgtest.a[0m
[7.419s] [ 60%] Built target gtest
[7.771s] [ 66%] [32m[1mLinking CXX executable armor_detector_node[0m
[7.923s] [ 66%] Built target armor_detector_node
[8.392s] [01m[K/home/ghlins/new_tracker/src/rm_auto_aim/armor_detector/src/detector_node.cpp:[m[K In constructor â€˜[01m[Krm_auto_aim::ArmorDetectorNode::ArmorDetectorNode(const rclcpp::NodeOptions&)[m[Kâ€™:
[8.392s] [01m[K/home/ghlins/new_tracker/src/rm_auto_aim/armor_detector/src/detector_node.cpp:96:123:[m[K [01;31m[Kerror: [m[Kexpected â€˜[01m[K;[m[Kâ€™ before â€˜[01m[K}[m[Kâ€™ token
[8.392s]    96 |       publishMyArmorPosition((detector_->FilterUniquenessArmor()).center.x, (detector_->FilterUniquenessArmor()).center.y)
[8.392s]       |                                                                                                                           [01;31m[K^[m[K
[8.392s]       |                                                                                                                           [32m[K;[m[K
[8.392s]    97 |       [32m[K}[m[K
[8.392s]       |       [32m[K~[m[K                                                                                                                    
[12.283s] gmake[2]: *** [CMakeFiles/armor_detector.dir/build.make:90: CMakeFiles/armor_detector.dir/src/detector_node.cpp.o] Error 1
[12.283s] gmake[1]: *** [CMakeFiles/Makefile2:161: CMakeFiles/armor_detector.dir/all] Error 2
[12.283s] gmake: *** [Makefile:146: all] Error 2
