[01m[K/home/ghlins/new_tracker/src/my_ros2_opencv_pkg/src/my_video_publisher.cpp:[m[K In constructor â€˜[01m[KVideoPublisher::VideoPublisher()[m[Kâ€™:
[01m[K/home/ghlins/new_tracker/src/my_ros2_opencv_pkg/src/my_video_publisher.cpp:15:119:[m[K [01;31m[Kerror: [m[Kno matching function for call to â€˜[01m[Krclcpp::SensorDataQoS::depth(int)[m[Kâ€™
   15 |         image_pub_ = this->create_publisher<sensor_msgs::msg::Image>("/video_image_raw", [01;31m[Krclcpp::SensorDataQoS().depth(10)[m[K);
      |                                                                                          [01;31m[K~~~~~~~~~~~~~~~~~~~~~~~~~~~~~^~~~[m[K
In file included from [01m[K/opt/ros/humble/include/rclcpp/rclcpp/node_interfaces/node_graph_interface.hpp:32[m[K,
                 from [01m[K/opt/ros/humble/include/rclcpp/rclcpp/client.hpp:42[m[K,
                 from [01m[K/opt/ros/humble/include/rclcpp/rclcpp/callback_group.hpp:24[m[K,
                 from [01m[K/opt/ros/humble/include/rclcpp/rclcpp/node.hpp:40[m[K,
                 from [01m[K/opt/ros/humble/include/image_transport/image_transport/image_transport.hpp:37[m[K,
                 from [01m[K/home/ghlins/new_tracker/src/my_ros2_opencv_pkg/src/my_video_publisher.cpp:3[m[K:
[01m[K/opt/ros/humble/include/rclcpp/rclcpp/qos.hpp:244:3:[m[K [01;36m[Knote: [m[Kcandidate: â€˜[01m[Ksize_t rclcpp::QoS::depth() const[m[Kâ€™
  244 |   [01;36m[Kdepth[m[K() const;
      |   [01;36m[K^~~~~[m[K
[01m[K/opt/ros/humble/include/rclcpp/rclcpp/qos.hpp:244:3:[m[K [01;36m[Knote: [m[K  candidate expects 0 arguments, 1 provided
gmake[2]: *** [CMakeFiles/my_video_publisher.dir/build.make:76: CMakeFiles/my_video_publisher.dir/src/my_video_publisher.cpp.o] Error 1
gmake[1]: *** [CMakeFiles/Makefile2:137: CMakeFiles/my_video_publisher.dir/all] Error 2
gmake: *** [Makefile:146: all] Error 2
