[0.009s] Invoking command in '/home/ghlins/new_tracker/build/my_ros2_opencv_pkg': CMAKE_PREFIX_PATH=/opt/ros/humble /usr/bin/cmake /home/ghlins/new_tracker/src/my_ros2_opencv_pkg -DCMAKE_INSTALL_PREFIX=/home/ghlins/new_tracker/install/my_ros2_opencv_pkg
[0.090s] -- The C compiler identification is GNU 11.4.0
[0.472s] -- The CXX compiler identification is GNU 11.4.0
[0.706s] -- Detecting C compiler ABI info
[0.805s] -- Detecting C compiler ABI info - done
[0.810s] -- Check for working C compiler: /usr/bin/cc - skipped
[0.810s] -- Detecting C compile features
[0.810s] -- Detecting C compile features - done
[0.812s] -- Detecting CXX compiler ABI info
[0.924s] -- Detecting CXX compiler ABI info - done
[0.928s] -- Check for working CXX compiler: /usr/bin/c++ - skipped
[0.928s] -- Detecting CXX compile features
[0.929s] -- Detecting CXX compile features - done
[0.930s] -- Found ament_cmake: 1.3.5 (/opt/ros/humble/share/ament_cmake/cmake)
[1.033s] -- Found Python3: /usr/bin/python3.10 (found version "3.10.12") found components: Interpreter 
[1.089s] -- Found rclcpp: 16.0.4 (/opt/ros/humble/share/rclcpp/cmake)
[1.204s] -- Found rosidl_generator_c: 3.1.4 (/opt/ros/humble/share/rosidl_generator_c/cmake)
[1.207s] -- Found rosidl_adapter: 3.1.4 (/opt/ros/humble/share/rosidl_adapter/cmake)
[1.212s] -- Found rosidl_generator_cpp: 3.1.4 (/opt/ros/humble/share/rosidl_generator_cpp/cmake)
[1.220s] -- Using all available rosidl_typesupport_c: rosidl_typesupport_fastrtps_c;rosidl_typesupport_introspection_c
[1.236s] -- Using all available rosidl_typesupport_cpp: rosidl_typesupport_fastrtps_cpp;rosidl_typesupport_introspection_cpp
[1.278s] -- Found rmw_implementation_cmake: 6.1.1 (/opt/ros/humble/share/rmw_implementation_cmake/cmake)
[1.279s] -- Found rmw_fastrtps_cpp: 6.2.2 (/opt/ros/humble/share/rmw_fastrtps_cpp/cmake)
[2.575s] -- Found OpenSSL: /usr/lib/x86_64-linux-gnu/libcrypto.so (found version "3.0.2")  
[4.809s] -- Found FastRTPS: /opt/ros/humble/include  
[8.019s] -- Using RMW implementation 'rmw_fastrtps_cpp' as default
[8.025s] -- Looking for pthread.h
[8.178s] -- Looking for pthread.h - found
[8.178s] -- Performing Test CMAKE_HAVE_LIBC_PTHREAD
[8.329s] -- Performing Test CMAKE_HAVE_LIBC_PTHREAD - Success
[8.330s] -- Found Threads: TRUE  
[8.442s] -- Found OpenCV: /usr (found version "4.5.4") 
[8.443s] -- Found sensor_msgs: 4.2.3 (/opt/ros/humble/share/sensor_msgs/cmake)
[8.554s] -- Found cv_bridge: 3.2.1 (/opt/ros/humble/share/cv_bridge/cmake)
[8.563s] -- Found image_transport: 3.1.5 (/opt/ros/humble/share/image_transport/cmake)
[9.511s] -- Found ament_lint_auto: 0.12.6 (/opt/ros/humble/share/ament_lint_auto/cmake)
[9.567s] -- Added test 'cppcheck' to perform static code analysis on C / C++ code
[9.567s] -- Configured cppcheck include dirs: $<BUILD_INTERFACE:/home/ghlins/new_tracker/src/my_ros2_opencv_pkg/include>
[9.567s] -- Configured cppcheck exclude dirs and/or files: 
[9.567s] -- Added test 'lint_cmake' to check CMake code style
[9.568s] -- Added test 'uncrustify' to check C / C++ code style
[9.568s] -- Configured uncrustify additional arguments: 
[9.569s] -- Added test 'xmllint' to check XML markup files
[9.570s] -- Configuring done
[9.578s] -- Generating done
[9.580s] -- Build files have been written to: /home/ghlins/new_tracker/build/my_ros2_opencv_pkg
[9.588s] Invoked command in '/home/ghlins/new_tracker/build/my_ros2_opencv_pkg' returned '0': CMAKE_PREFIX_PATH=/opt/ros/humble /usr/bin/cmake /home/ghlins/new_tracker/src/my_ros2_opencv_pkg -DCMAKE_INSTALL_PREFIX=/home/ghlins/new_tracker/install/my_ros2_opencv_pkg
[9.590s] Invoking command in '/home/ghlins/new_tracker/build/my_ros2_opencv_pkg': CMAKE_PREFIX_PATH=/opt/ros/humble /usr/bin/cmake --build /home/ghlins/new_tracker/build/my_ros2_opencv_pkg -- -j20 -l20
[9.620s] [ 50%] [32mBuilding CXX object CMakeFiles/my_video_publisher.dir/src/my_video_publisher.cpp.o[0m
[12.088s] [01m[K/home/ghlins/new_tracker/src/my_ros2_opencv_pkg/src/my_video_publisher.cpp:[m[K In constructor â€˜[01m[KVideoPublisher::VideoPublisher()[m[Kâ€™:
[12.088s] [01m[K/home/ghlins/new_tracker/src/my_ros2_opencv_pkg/src/my_video_publisher.cpp:15:119:[m[K [01;31m[Kerror: [m[Kno matching function for call to â€˜[01m[Krclcpp::SensorDataQoS::depth(int)[m[Kâ€™
[12.088s]    15 |         image_pub_ = this->create_publisher<sensor_msgs::msg::Image>("/video_image_raw", [01;31m[Krclcpp::SensorDataQoS().depth(10)[m[K);
[12.088s]       |                                                                                          [01;31m[K~~~~~~~~~~~~~~~~~~~~~~~~~~~~~^~~~[m[K
[12.088s] In file included from [01m[K/opt/ros/humble/include/rclcpp/rclcpp/node_interfaces/node_graph_interface.hpp:32[m[K,
[12.088s]                  from [01m[K/opt/ros/humble/include/rclcpp/rclcpp/client.hpp:42[m[K,
[12.088s]                  from [01m[K/opt/ros/humble/include/rclcpp/rclcpp/callback_group.hpp:24[m[K,
[12.088s]                  from [01m[K/opt/ros/humble/include/rclcpp/rclcpp/node.hpp:40[m[K,
[12.088s]                  from [01m[K/opt/ros/humble/include/image_transport/image_transport/image_transport.hpp:37[m[K,
[12.088s]                  from [01m[K/home/ghlins/new_tracker/src/my_ros2_opencv_pkg/src/my_video_publisher.cpp:3[m[K:
[12.088s] [01m[K/opt/ros/humble/include/rclcpp/rclcpp/qos.hpp:244:3:[m[K [01;36m[Knote: [m[Kcandidate: â€˜[01m[Ksize_t rclcpp::QoS::depth() const[m[Kâ€™
[12.088s]   244 |   [01;36m[Kdepth[m[K() const;
[12.088s]       |   [01;36m[K^~~~~[m[K
[12.089s] [01m[K/opt/ros/humble/include/rclcpp/rclcpp/qos.hpp:244:3:[m[K [01;36m[Knote: [m[K  candidate expects 0 arguments, 1 provided
[12.880s] gmake[2]: *** [CMakeFiles/my_video_publisher.dir/build.make:76: CMakeFiles/my_video_publisher.dir/src/my_video_publisher.cpp.o] Error 1
[12.880s] gmake[1]: *** [CMakeFiles/Makefile2:137: CMakeFiles/my_video_publisher.dir/all] Error 2
[12.880s] gmake: *** [Makefile:146: all] Error 2
[12.882s] Invoked command in '/home/ghlins/new_tracker/build/my_ros2_opencv_pkg' returned '2': CMAKE_PREFIX_PATH=/opt/ros/humble /usr/bin/cmake --build /home/ghlins/new_tracker/build/my_ros2_opencv_pkg -- -j20 -l20
