[0.063s] Invoking command in '/home/ghlins/new_tracker/build/armor_detector': AMENT_PREFIX_PATH=/home/ghlins/new_tracker/install/auto_aim_interfaces:${AMENT_PREFIX_PATH} CMAKE_PREFIX_PATH=/home/ghlins/new_tracker/install/auto_aim_interfaces:/opt/ros/humble LD_LIBRARY_PATH=/home/ghlins/new_tracker/install/auto_aim_interfaces/lib:${LD_LIBRARY_PATH} PYTHONPATH=/home/ghlins/new_tracker/install/auto_aim_interfaces/local/lib/python3.10/dist-packages:${PYTHONPATH} /usr/bin/cmake /home/ghlins/new_tracker/src/rm_auto_aim/armor_detector -DCMAKE_INSTALL_PREFIX=/home/ghlins/new_tracker/install/armor_detector
[0.174s] -- The C compiler identification is GNU 11.4.0
[0.582s] -- The CXX compiler identification is GNU 11.4.0
[0.888s] -- Detecting C compiler ABI info
[0.995s] -- Detecting C compiler ABI info - done
[0.999s] -- Check for working C compiler: /usr/bin/cc - skipped
[0.999s] -- Detecting C compile features
[0.999s] -- Detecting C compile features - done
[1.001s] -- Detecting CXX compiler ABI info
[1.144s] -- Detecting CXX compiler ABI info - done
[1.151s] -- Check for working CXX compiler: /usr/bin/c++ - skipped
[1.151s] -- Detecting CXX compile features
[1.151s] -- Detecting CXX compile features - done
[1.153s] -- Found ament_cmake_auto: 1.3.5 (/opt/ros/humble/share/ament_cmake_auto/cmake)
[1.268s] -- Found Python3: /usr/bin/python3.10 (found version "3.10.12") found components: Interpreter 
[1.327s] -- Found OpenCV: /usr (found version "4.5.4") 
[1.523s] -- Found rosidl_generator_c: 3.1.4 (/opt/ros/humble/share/rosidl_generator_c/cmake)
[1.527s] -- Found rosidl_adapter: 3.1.4 (/opt/ros/humble/share/rosidl_adapter/cmake)
[1.534s] -- Found rosidl_generator_cpp: 3.1.4 (/opt/ros/humble/share/rosidl_generator_cpp/cmake)
[1.547s] -- Using all available rosidl_typesupport_c: rosidl_typesupport_fastrtps_c;rosidl_typesupport_introspection_c
[1.567s] -- Using all available rosidl_typesupport_cpp: rosidl_typesupport_fastrtps_cpp;rosidl_typesupport_introspection_cpp
[1.649s] -- Found rmw_implementation_cmake: 6.1.1 (/opt/ros/humble/share/rmw_implementation_cmake/cmake)
[1.652s] -- Found rmw_fastrtps_cpp: 6.2.2 (/opt/ros/humble/share/rmw_fastrtps_cpp/cmake)
[2.832s] -- Found OpenSSL: /usr/lib/x86_64-linux-gnu/libcrypto.so (found version "3.0.2")  
[4.000s] -- Found FastRTPS: /opt/ros/humble/include  
[6.321s] -- Using RMW implementation 'rmw_fastrtps_cpp' as default
[6.329s] -- Looking for pthread.h
[6.465s] -- Looking for pthread.h - found
[6.465s] -- Performing Test CMAKE_HAVE_LIBC_PTHREAD
[6.573s] -- Performing Test CMAKE_HAVE_LIBC_PTHREAD - Success
[6.574s] -- Found Threads: TRUE  
[8.135s] -- Found eigen3_cmake_module: 0.1.1 (/opt/ros/humble/share/eigen3_cmake_module/cmake)
[8.136s] -- Found Eigen3: TRUE (found version "3.4.0") 
[8.136s] -- Ensuring Eigen3 include directory is part of orocos-kdl CMake target
[8.324s] -- Found ament_lint_auto: 0.12.6 (/opt/ros/humble/share/ament_lint_auto/cmake)
[8.336s] -- Found ament_cmake_gtest: 1.3.5 (/opt/ros/humble/share/ament_cmake_gtest/cmake)
[8.337s] -- Found gtest sources under '/opt/ros/humble/src/gtest_vendor': C++ tests using 'Google Test' will be built
[8.345s] -- Added test 'cppcheck' to perform static code analysis on C / C++ code
[8.345s] -- Configured cppcheck include dirs: /home/ghlins/new_tracker/src/rm_auto_aim/armor_detector/include
[8.345s] -- Configured cppcheck exclude dirs and/or files: 
[8.346s] -- Added test 'lint_cmake' to check CMake code style
[8.346s] -- Added test 'xmllint' to check XML markup files
[8.347s] -- Added test 'clang_format' to check C / C++ code style
[8.348s] -- Configuring done
[8.372s] -- Generating done
[8.373s] -- Build files have been written to: /home/ghlins/new_tracker/build/armor_detector
[8.383s] Invoked command in '/home/ghlins/new_tracker/build/armor_detector' returned '0': AMENT_PREFIX_PATH=/home/ghlins/new_tracker/install/auto_aim_interfaces:${AMENT_PREFIX_PATH} CMAKE_PREFIX_PATH=/home/ghlins/new_tracker/install/auto_aim_interfaces:/opt/ros/humble LD_LIBRARY_PATH=/home/ghlins/new_tracker/install/auto_aim_interfaces/lib:${LD_LIBRARY_PATH} PYTHONPATH=/home/ghlins/new_tracker/install/auto_aim_interfaces/local/lib/python3.10/dist-packages:${PYTHONPATH} /usr/bin/cmake /home/ghlins/new_tracker/src/rm_auto_aim/armor_detector -DCMAKE_INSTALL_PREFIX=/home/ghlins/new_tracker/install/armor_detector
[8.384s] Invoking command in '/home/ghlins/new_tracker/build/armor_detector': AMENT_PREFIX_PATH=/home/ghlins/new_tracker/install/auto_aim_interfaces:${AMENT_PREFIX_PATH} CMAKE_PREFIX_PATH=/home/ghlins/new_tracker/install/auto_aim_interfaces:/opt/ros/humble LD_LIBRARY_PATH=/home/ghlins/new_tracker/install/auto_aim_interfaces/lib:${LD_LIBRARY_PATH} PYTHONPATH=/home/ghlins/new_tracker/install/auto_aim_interfaces/local/lib/python3.10/dist-packages:${PYTHONPATH} /usr/bin/cmake --build /home/ghlins/new_tracker/build/armor_detector -- -j20 -l20
[8.412s] [ 13%] [32mBuilding CXX object CMakeFiles/armor_detector.dir/src/detector_node.cpp.o[0m
[8.413s] [ 13%] [32mBuilding CXX object CMakeFiles/armor_detector.dir/src/number_classifier.cpp.o[0m
[8.413s] [ 20%] [32mBuilding CXX object gtest/CMakeFiles/gtest_main.dir/src/gtest_main.cc.o[0m
[8.413s] [ 26%] [32mBuilding CXX object gtest/CMakeFiles/gtest.dir/src/gtest-all.cc.o[0m
[8.413s] [ 33%] [32mBuilding CXX object CMakeFiles/armor_detector_node.dir/rclcpp_components/node_main_armor_detector_node.cpp.o[0m
[8.413s] [ 40%] [32mBuilding CXX object CMakeFiles/armor_detector.dir/src/detector.cpp.o[0m
[8.414s] [ 46%] [32mBuilding CXX object CMakeFiles/armor_detector.dir/src/pnp_solver.cpp.o[0m
[8.974s] [ 53%] [32m[1mLinking CXX static library libgtest_main.a[0m
[9.000s] [ 53%] Built target gtest_main
[10.824s] [ 60%] [32m[1mLinking CXX static library libgtest.a[0m
[10.862s] [ 60%] Built target gtest
[11.024s] [ 66%] [32m[1mLinking CXX executable armor_detector_node[0m
[11.167s] [ 66%] Built target armor_detector_node
[12.006s] [01m[K/home/ghlins/new_tracker/src/rm_auto_aim/armor_detector/src/detector_node.cpp:[m[K In member function â€˜[01m[Kvoid rm_auto_aim::ArmorDetectorNode::imageCallback(sensor_msgs::msg::Image_<std::allocator<void> >::ConstSharedPtr)[m[Kâ€™:
[12.006s] [01m[K/home/ghlins/new_tracker/src/rm_auto_aim/armor_detector/src/detector_node.cpp:156:37:[m[K [01;31m[Kerror: [m[Kâ€˜[01m[Kusing Armors = struct auto_aim_interfaces::msg::Armors_<std::allocator<void> >[m[Kâ€™ {aka â€˜[01m[Kstruct auto_aim_interfaces::msg::Armors_<std::allocator<void> >[m[Kâ€™} has no member named â€˜[01m[Karmor[m[Kâ€™; did you mean â€˜[01m[Karmors[m[Kâ€™?
[12.006s]   156 |     double my_armor_x = armors_msg_.[01;31m[Karmor[m[K.pose.position.x;
[12.006s]       |                                     [01;31m[K^~~~~[m[K
[12.007s]       |                                     [32m[Karmors[m[K
[12.007s] [01m[K/home/ghlins/new_tracker/src/rm_auto_aim/armor_detector/src/detector_node.cpp:157:37:[m[K [01;31m[Kerror: [m[Kâ€˜[01m[Kusing Armors = struct auto_aim_interfaces::msg::Armors_<std::allocator<void> >[m[Kâ€™ {aka â€˜[01m[Kstruct auto_aim_interfaces::msg::Armors_<std::allocator<void> >[m[Kâ€™} has no member named â€˜[01m[Karmor[m[Kâ€™; did you mean â€˜[01m[Karmors[m[Kâ€™?
[12.007s]   157 |     double my_armor_y = armors_msg_.[01;31m[Karmor[m[K.pose.position.y;
[12.007s]       |                                     [01;31m[K^~~~~[m[K
[12.007s]       |                                     [32m[Karmors[m[K
[12.007s] [01m[K/home/ghlins/new_tracker/src/rm_auto_aim/armor_detector/src/detector_node.cpp:158:37:[m[K [01;31m[Kerror: [m[Kâ€˜[01m[Kusing Armors = struct auto_aim_interfaces::msg::Armors_<std::allocator<void> >[m[Kâ€™ {aka â€˜[01m[Kstruct auto_aim_interfaces::msg::Armors_<std::allocator<void> >[m[Kâ€™} has no member named â€˜[01m[Karmor[m[Kâ€™; did you mean â€˜[01m[Karmors[m[Kâ€™?
[12.007s]   158 |     double my_armor_z = armors_msg_.[01;31m[Karmor[m[K.pose.position.z;
[12.007s]       |                                     [01;31m[K^~~~~[m[K
[12.007s]       |                                     [32m[Karmors[m[K
[16.100s] gmake[2]: *** [CMakeFiles/armor_detector.dir/build.make:90: CMakeFiles/armor_detector.dir/src/detector_node.cpp.o] Error 1
[16.100s] gmake[1]: *** [CMakeFiles/Makefile2:161: CMakeFiles/armor_detector.dir/all] Error 2
[16.100s] gmake: *** [Makefile:146: all] Error 2
[16.103s] Invoked command in '/home/ghlins/new_tracker/build/armor_detector' returned '2': AMENT_PREFIX_PATH=/home/ghlins/new_tracker/install/auto_aim_interfaces:${AMENT_PREFIX_PATH} CMAKE_PREFIX_PATH=/home/ghlins/new_tracker/install/auto_aim_interfaces:/opt/ros/humble LD_LIBRARY_PATH=/home/ghlins/new_tracker/install/auto_aim_interfaces/lib:${LD_LIBRARY_PATH} PYTHONPATH=/home/ghlins/new_tracker/install/auto_aim_interfaces/local/lib/python3.10/dist-packages:${PYTHONPATH} /usr/bin/cmake --build /home/ghlins/new_tracker/build/armor_detector -- -j20 -l20
