-- The C compiler identification is GNU 11.4.0
-- The CXX compiler identification is GNU 11.4.0
-- Detecting C compiler ABI info
-- Detecting C compiler ABI info - done
-- Check for working C compiler: /usr/bin/cc - skipped
-- Detecting C compile features
-- Detecting C compile features - done
-- Detecting CXX compiler ABI info
-- Detecting CXX compiler ABI info - done
-- Check for working CXX compiler: /usr/bin/c++ - skipped
-- Detecting CXX compile features
-- Detecting CXX compile features - done
-- Found ament_cmake_auto: 1.3.5 (/opt/ros/humble/share/ament_cmake_auto/cmake)
-- Found Python3: /usr/bin/python3.10 (found version "3.10.12") found components: Interpreter 
-- Found OpenCV: /usr (found version "4.5.4") 
-- Found rosidl_generator_c: 3.1.4 (/opt/ros/humble/share/rosidl_generator_c/cmake)
-- Found rosidl_adapter: 3.1.4 (/opt/ros/humble/share/rosidl_adapter/cmake)
-- Found rosidl_generator_cpp: 3.1.4 (/opt/ros/humble/share/rosidl_generator_cpp/cmake)
-- Using all available rosidl_typesupport_c: rosidl_typesupport_fastrtps_c;rosidl_typesupport_introspection_c
-- Using all available rosidl_typesupport_cpp: rosidl_typesupport_fastrtps_cpp;rosidl_typesupport_introspection_cpp
-- Found rmw_implementation_cmake: 6.1.1 (/opt/ros/humble/share/rmw_implementation_cmake/cmake)
-- Found rmw_fastrtps_cpp: 6.2.2 (/opt/ros/humble/share/rmw_fastrtps_cpp/cmake)
-- Found OpenSSL: /usr/lib/x86_64-linux-gnu/libcrypto.so (found version "3.0.2")  
-- Found FastRTPS: /opt/ros/humble/include  
-- Using RMW implementation 'rmw_fastrtps_cpp' as default
-- Looking for pthread.h
-- Looking for pthread.h - found
-- Performing Test CMAKE_HAVE_LIBC_PTHREAD
-- Performing Test CMAKE_HAVE_LIBC_PTHREAD - Success
-- Found Threads: TRUE  
-- Found eigen3_cmake_module: 0.1.1 (/opt/ros/humble/share/eigen3_cmake_module/cmake)
-- Found Eigen3: TRUE (found version "3.4.0") 
-- Ensuring Eigen3 include directory is part of orocos-kdl CMake target
-- Found ament_lint_auto: 0.12.6 (/opt/ros/humble/share/ament_lint_auto/cmake)
-- Found ament_cmake_gtest: 1.3.5 (/opt/ros/humble/share/ament_cmake_gtest/cmake)
-- Found gtest sources under '/opt/ros/humble/src/gtest_vendor': C++ tests using 'Google Test' will be built
-- Added test 'cppcheck' to perform static code analysis on C / C++ code
-- Configured cppcheck include dirs: /home/ghlins/new_tracker/src/rm_auto_aim/armor_detector/include
-- Configured cppcheck exclude dirs and/or files: 
-- Added test 'lint_cmake' to check CMake code style
-- Added test 'xmllint' to check XML markup files
-- Added test 'clang_format' to check C / C++ code style
-- Configuring done
-- Generating done
-- Build files have been written to: /home/ghlins/new_tracker/build/armor_detector
[ 13%] [32mBuilding CXX object CMakeFiles/armor_detector.dir/src/detector_node.cpp.o[0m
[ 13%] [32mBuilding CXX object CMakeFiles/armor_detector.dir/src/detector.cpp.o[0m
[ 20%] [32mBuilding CXX object gtest/CMakeFiles/gtest.dir/src/gtest-all.cc.o[0m
[ 26%] [32mBuilding CXX object CMakeFiles/armor_detector.dir/src/pnp_solver.cpp.o[0m
[ 33%] [32mBuilding CXX object CMakeFiles/armor_detector_node.dir/rclcpp_components/node_main_armor_detector_node.cpp.o[0m
[ 40%] [32mBuilding CXX object CMakeFiles/armor_detector.dir/src/number_classifier.cpp.o[0m
[ 46%] [32mBuilding CXX object gtest/CMakeFiles/gtest_main.dir/src/gtest_main.cc.o[0m
[ 53%] [32m[1mLinking CXX static library libgtest_main.a[0m
[ 53%] Built target gtest_main
[ 60%] [32m[1mLinking CXX static library libgtest.a[0m
[ 60%] Built target gtest
[ 66%] [32m[1mLinking CXX executable armor_detector_node[0m
[ 66%] Built target armor_detector_node
[01m[K/home/ghlins/new_tracker/src/rm_auto_aim/armor_detector/src/detector_node.cpp:[m[K In member function â€˜[01m[Kvoid rm_auto_aim::ArmorDetectorNode::imageCallback(sensor_msgs::msg::Image_<std::allocator<void> >::ConstSharedPtr)[m[Kâ€™:
[01m[K/home/ghlins/new_tracker/src/rm_auto_aim/armor_detector/src/detector_node.cpp:156:44:[m[K [01;31m[Kerror: [m[Kâ€˜[01m[Kusing _armors_type = class std::vector<auto_aim_interfaces::msg::Armor_<std::allocator<void> >, std::allocator<auto_aim_interfaces::msg::Armor_<std::allocator<void> > > >[m[Kâ€™ {aka â€˜[01m[Kclass std::vector<auto_aim_interfaces::msg::Armor_<std::allocator<void> >, std::allocator<auto_aim_interfaces::msg::Armor_<std::allocator<void> > > >[m[Kâ€™} has no member named â€˜[01m[Karmor[m[Kâ€™
  156 |     double my_armor_x = armors_msg_.armors.[01;31m[Karmor[m[K.pose.position.x;
      |                                            [01;31m[K^~~~~[m[K
[01m[K/home/ghlins/new_tracker/src/rm_auto_aim/armor_detector/src/detector_node.cpp:157:44:[m[K [01;31m[Kerror: [m[Kâ€˜[01m[Kusing _armors_type = class std::vector<auto_aim_interfaces::msg::Armor_<std::allocator<void> >, std::allocator<auto_aim_interfaces::msg::Armor_<std::allocator<void> > > >[m[Kâ€™ {aka â€˜[01m[Kclass std::vector<auto_aim_interfaces::msg::Armor_<std::allocator<void> >, std::allocator<auto_aim_interfaces::msg::Armor_<std::allocator<void> > > >[m[Kâ€™} has no member named â€˜[01m[Karmor[m[Kâ€™
  157 |     double my_armor_y = armors_msg_.armors.[01;31m[Karmor[m[K.pose.position.y;
      |                                            [01;31m[K^~~~~[m[K
[01m[K/home/ghlins/new_tracker/src/rm_auto_aim/armor_detector/src/detector_node.cpp:158:44:[m[K [01;31m[Kerror: [m[Kâ€˜[01m[Kusing _armors_type = class std::vector<auto_aim_interfaces::msg::Armor_<std::allocator<void> >, std::allocator<auto_aim_interfaces::msg::Armor_<std::allocator<void> > > >[m[Kâ€™ {aka â€˜[01m[Kclass std::vector<auto_aim_interfaces::msg::Armor_<std::allocator<void> >, std::allocator<auto_aim_interfaces::msg::Armor_<std::allocator<void> > > >[m[Kâ€™} has no member named â€˜[01m[Karmor[m[Kâ€™
  158 |     double my_armor_z = armors_msg_.armors.[01;31m[Karmor[m[K.pose.position.z;
      |                                            [01;31m[K^~~~~[m[K
[01m[K/home/ghlins/new_tracker/src/rm_auto_aim/armor_detector/src/detector_node.cpp:159:27:[m[K [01;31m[Kerror: [m[Kno matching function for call to â€˜[01m[Krm_auto_aim::ArmorDetectorNode::publishMyArmorPosition(double&, double&, double&)[m[Kâ€™
  159 |     [01;31m[KpublishMyArmorPosition(my_armor_x, my_armor_y, my_armor_z)[m[K;
      |     [01;31m[K~~~~~~~~~~~~~~~~~~~~~~^~~~~~~~~~~~~~~~~~~~~~~~~~~~~~~~~~~~[m[K
In file included from [01m[K/home/ghlins/new_tracker/src/rm_auto_aim/armor_detector/src/detector_node.cpp:25[m[K:
[01m[K/home/ghlins/new_tracker/src/rm_auto_aim/armor_detector/include/armor_detector/detector_node.hpp:56:8:[m[K [01;36m[Knote: [m[Kcandidate: â€˜[01m[Kvoid rm_auto_aim::ArmorDetectorNode::publishMyArmorPosition(double, double)[m[Kâ€™
   56 |   void [01;36m[KpublishMyArmorPosition[m[K(double, double);
      |        [01;36m[K^~~~~~~~~~~~~~~~~~~~~~[m[K
[01m[K/home/ghlins/new_tracker/src/rm_auto_aim/armor_detector/include/armor_detector/detector_node.hpp:56:8:[m[K [01;36m[Knote: [m[K  candidate expects 2 arguments, 3 provided
[01m[K/home/ghlins/new_tracker/src/rm_auto_aim/armor_detector/src/detector_node.cpp:[m[K At global scope:
[01m[K/home/ghlins/new_tracker/src/rm_auto_aim/armor_detector/src/detector_node.cpp:294:6:[m[K [01;31m[Kerror: [m[Kno declaration matches â€˜[01m[Kvoid rm_auto_aim::ArmorDetectorNode::publishMyArmorPosition(double, double, double)[m[Kâ€™
  294 | void [01;31m[KArmorDetectorNode[m[K::publishMyArmorPosition(double my_armor_x, double my_armor_y, double my_armor_z)
      |      [01;31m[K^~~~~~~~~~~~~~~~~[m[K
In file included from [01m[K/home/ghlins/new_tracker/src/rm_auto_aim/armor_detector/src/detector_node.cpp:25[m[K:
[01m[K/home/ghlins/new_tracker/src/rm_auto_aim/armor_detector/include/armor_detector/detector_node.hpp:56:8:[m[K [01;36m[Knote: [m[Kcandidate is: â€˜[01m[Kvoid rm_auto_aim::ArmorDetectorNode::publishMyArmorPosition(double, double)[m[Kâ€™
   56 |   void [01;36m[KpublishMyArmorPosition[m[K(double, double);
      |        [01;36m[K^~~~~~~~~~~~~~~~~~~~~~[m[K
[01m[K/home/ghlins/new_tracker/src/rm_auto_aim/armor_detector/include/armor_detector/detector_node.hpp:33:7:[m[K [01;36m[Knote: [m[Kâ€˜[01m[Kclass rm_auto_aim::ArmorDetectorNode[m[Kâ€™ defined here
   33 | class [01;36m[KArmorDetectorNode[m[K : public rclcpp::Node
      |       [01;36m[K^~~~~~~~~~~~~~~~~[m[K
gmake[2]: *** [CMakeFiles/armor_detector.dir/build.make:90: CMakeFiles/armor_detector.dir/src/detector_node.cpp.o] Error 1
gmake[1]: *** [CMakeFiles/Makefile2:161: CMakeFiles/armor_detector.dir/all] Error 2
gmake: *** [Makefile:146: all] Error 2
