[0.062s] Invoking command in '/home/ghlins/new_tracker/build/armor_detector': AMENT_PREFIX_PATH=/home/ghlins/new_tracker/install/auto_aim_interfaces:${AMENT_PREFIX_PATH} CMAKE_PREFIX_PATH=/home/ghlins/new_tracker/install/auto_aim_interfaces:/opt/ros/humble LD_LIBRARY_PATH=/home/ghlins/new_tracker/install/auto_aim_interfaces/lib:${LD_LIBRARY_PATH} PYTHONPATH=/home/ghlins/new_tracker/install/auto_aim_interfaces/local/lib/python3.10/dist-packages:${PYTHONPATH} /usr/bin/cmake /home/ghlins/new_tracker/src/rm_auto_aim/armor_detector -DCMAKE_INSTALL_PREFIX=/home/ghlins/new_tracker/install/armor_detector
[0.138s] -- The C compiler identification is GNU 11.4.0
[0.505s] -- The CXX compiler identification is GNU 11.4.0
[0.747s] -- Detecting C compiler ABI info
[0.842s] -- Detecting C compiler ABI info - done
[0.847s] -- Check for working C compiler: /usr/bin/cc - skipped
[0.847s] -- Detecting C compile features
[0.847s] -- Detecting C compile features - done
[0.849s] -- Detecting CXX compiler ABI info
[0.986s] -- Detecting CXX compiler ABI info - done
[0.991s] -- Check for working CXX compiler: /usr/bin/c++ - skipped
[0.992s] -- Detecting CXX compile features
[0.992s] -- Detecting CXX compile features - done
[0.993s] -- Found ament_cmake_auto: 1.3.5 (/opt/ros/humble/share/ament_cmake_auto/cmake)
[1.100s] -- Found Python3: /usr/bin/python3.10 (found version "3.10.12") found components: Interpreter 
[1.158s] -- Found OpenCV: /usr (found version "4.5.4") 
[1.309s] -- Found rosidl_generator_c: 3.1.4 (/opt/ros/humble/share/rosidl_generator_c/cmake)
[1.312s] -- Found rosidl_adapter: 3.1.4 (/opt/ros/humble/share/rosidl_adapter/cmake)
[1.318s] -- Found rosidl_generator_cpp: 3.1.4 (/opt/ros/humble/share/rosidl_generator_cpp/cmake)
[1.326s] -- Using all available rosidl_typesupport_c: rosidl_typesupport_fastrtps_c;rosidl_typesupport_introspection_c
[1.338s] -- Using all available rosidl_typesupport_cpp: rosidl_typesupport_fastrtps_cpp;rosidl_typesupport_introspection_cpp
[1.383s] -- Found rmw_implementation_cmake: 6.1.1 (/opt/ros/humble/share/rmw_implementation_cmake/cmake)
[1.385s] -- Found rmw_fastrtps_cpp: 6.2.2 (/opt/ros/humble/share/rmw_fastrtps_cpp/cmake)
[1.815s] -- Found OpenSSL: /usr/lib/x86_64-linux-gnu/libcrypto.so (found version "3.0.2")  
[2.279s] -- Found FastRTPS: /opt/ros/humble/include  
[3.033s] -- Using RMW implementation 'rmw_fastrtps_cpp' as default
[3.039s] -- Looking for pthread.h
[3.123s] -- Looking for pthread.h - found
[3.123s] -- Performing Test CMAKE_HAVE_LIBC_PTHREAD
[3.213s] -- Performing Test CMAKE_HAVE_LIBC_PTHREAD - Success
[3.214s] -- Found Threads: TRUE  
[4.708s] -- Found eigen3_cmake_module: 0.1.1 (/opt/ros/humble/share/eigen3_cmake_module/cmake)
[4.709s] -- Found Eigen3: TRUE (found version "3.4.0") 
[4.709s] -- Ensuring Eigen3 include directory is part of orocos-kdl CMake target
[4.895s] -- Found ament_lint_auto: 0.12.6 (/opt/ros/humble/share/ament_lint_auto/cmake)
[4.907s] -- Found ament_cmake_gtest: 1.3.5 (/opt/ros/humble/share/ament_cmake_gtest/cmake)
[4.908s] -- Found gtest sources under '/opt/ros/humble/src/gtest_vendor': C++ tests using 'Google Test' will be built
[4.915s] -- Added test 'cppcheck' to perform static code analysis on C / C++ code
[4.915s] -- Configured cppcheck include dirs: /home/ghlins/new_tracker/src/rm_auto_aim/armor_detector/include
[4.915s] -- Configured cppcheck exclude dirs and/or files: 
[4.916s] -- Added test 'lint_cmake' to check CMake code style
[4.916s] -- Added test 'xmllint' to check XML markup files
[4.917s] -- Added test 'clang_format' to check C / C++ code style
[4.918s] -- Configuring done
[4.942s] -- Generating done
[4.944s] -- Build files have been written to: /home/ghlins/new_tracker/build/armor_detector
[4.953s] Invoked command in '/home/ghlins/new_tracker/build/armor_detector' returned '0': AMENT_PREFIX_PATH=/home/ghlins/new_tracker/install/auto_aim_interfaces:${AMENT_PREFIX_PATH} CMAKE_PREFIX_PATH=/home/ghlins/new_tracker/install/auto_aim_interfaces:/opt/ros/humble LD_LIBRARY_PATH=/home/ghlins/new_tracker/install/auto_aim_interfaces/lib:${LD_LIBRARY_PATH} PYTHONPATH=/home/ghlins/new_tracker/install/auto_aim_interfaces/local/lib/python3.10/dist-packages:${PYTHONPATH} /usr/bin/cmake /home/ghlins/new_tracker/src/rm_auto_aim/armor_detector -DCMAKE_INSTALL_PREFIX=/home/ghlins/new_tracker/install/armor_detector
[4.955s] Invoking command in '/home/ghlins/new_tracker/build/armor_detector': AMENT_PREFIX_PATH=/home/ghlins/new_tracker/install/auto_aim_interfaces:${AMENT_PREFIX_PATH} CMAKE_PREFIX_PATH=/home/ghlins/new_tracker/install/auto_aim_interfaces:/opt/ros/humble LD_LIBRARY_PATH=/home/ghlins/new_tracker/install/auto_aim_interfaces/lib:${LD_LIBRARY_PATH} PYTHONPATH=/home/ghlins/new_tracker/install/auto_aim_interfaces/local/lib/python3.10/dist-packages:${PYTHONPATH} /usr/bin/cmake --build /home/ghlins/new_tracker/build/armor_detector -- -j20 -l20
[4.981s] [ 13%] [32mBuilding CXX object CMakeFiles/armor_detector.dir/src/detector_node.cpp.o[0m
[4.982s] [ 13%] [32mBuilding CXX object CMakeFiles/armor_detector.dir/src/detector.cpp.o[0m
[4.982s] [ 20%] [32mBuilding CXX object gtest/CMakeFiles/gtest.dir/src/gtest-all.cc.o[0m
[4.982s] [ 26%] [32mBuilding CXX object CMakeFiles/armor_detector.dir/src/pnp_solver.cpp.o[0m
[4.983s] [ 33%] [32mBuilding CXX object CMakeFiles/armor_detector_node.dir/rclcpp_components/node_main_armor_detector_node.cpp.o[0m
[4.983s] [ 40%] [32mBuilding CXX object CMakeFiles/armor_detector.dir/src/number_classifier.cpp.o[0m
[4.984s] [ 46%] [32mBuilding CXX object gtest/CMakeFiles/gtest_main.dir/src/gtest_main.cc.o[0m
[5.606s] [ 53%] [32m[1mLinking CXX static library libgtest_main.a[0m
[5.633s] [ 53%] Built target gtest_main
[7.660s] [ 60%] [32m[1mLinking CXX static library libgtest.a[0m
[7.696s] [ 60%] Built target gtest
[7.789s] [ 66%] [32m[1mLinking CXX executable armor_detector_node[0m
[7.938s] [ 66%] Built target armor_detector_node
[8.987s] [01m[K/home/ghlins/new_tracker/src/rm_auto_aim/armor_detector/src/detector_node.cpp:[m[K In member function â€˜[01m[Kvoid rm_auto_aim::ArmorDetectorNode::imageCallback(sensor_msgs::msg::Image_<std::allocator<void> >::ConstSharedPtr)[m[Kâ€™:
[8.987s] [01m[K/home/ghlins/new_tracker/src/rm_auto_aim/armor_detector/src/detector_node.cpp:156:44:[m[K [01;31m[Kerror: [m[Kâ€˜[01m[Kusing _armors_type = class std::vector<auto_aim_interfaces::msg::Armor_<std::allocator<void> >, std::allocator<auto_aim_interfaces::msg::Armor_<std::allocator<void> > > >[m[Kâ€™ {aka â€˜[01m[Kclass std::vector<auto_aim_interfaces::msg::Armor_<std::allocator<void> >, std::allocator<auto_aim_interfaces::msg::Armor_<std::allocator<void> > > >[m[Kâ€™} has no member named â€˜[01m[Karmor[m[Kâ€™
[8.987s]   156 |     double my_armor_x = armors_msg_.armors.[01;31m[Karmor[m[K.pose.position.x;
[8.987s]       |                                            [01;31m[K^~~~~[m[K
[8.987s] [01m[K/home/ghlins/new_tracker/src/rm_auto_aim/armor_detector/src/detector_node.cpp:157:44:[m[K [01;31m[Kerror: [m[Kâ€˜[01m[Kusing _armors_type = class std::vector<auto_aim_interfaces::msg::Armor_<std::allocator<void> >, std::allocator<auto_aim_interfaces::msg::Armor_<std::allocator<void> > > >[m[Kâ€™ {aka â€˜[01m[Kclass std::vector<auto_aim_interfaces::msg::Armor_<std::allocator<void> >, std::allocator<auto_aim_interfaces::msg::Armor_<std::allocator<void> > > >[m[Kâ€™} has no member named â€˜[01m[Karmor[m[Kâ€™
[8.987s]   157 |     double my_armor_y = armors_msg_.armors.[01;31m[Karmor[m[K.pose.position.y;
[8.987s]       |                                            [01;31m[K^~~~~[m[K
[8.987s] [01m[K/home/ghlins/new_tracker/src/rm_auto_aim/armor_detector/src/detector_node.cpp:158:44:[m[K [01;31m[Kerror: [m[Kâ€˜[01m[Kusing _armors_type = class std::vector<auto_aim_interfaces::msg::Armor_<std::allocator<void> >, std::allocator<auto_aim_interfaces::msg::Armor_<std::allocator<void> > > >[m[Kâ€™ {aka â€˜[01m[Kclass std::vector<auto_aim_interfaces::msg::Armor_<std::allocator<void> >, std::allocator<auto_aim_interfaces::msg::Armor_<std::allocator<void> > > >[m[Kâ€™} has no member named â€˜[01m[Karmor[m[Kâ€™
[8.987s]   158 |     double my_armor_z = armors_msg_.armors.[01;31m[Karmor[m[K.pose.position.z;
[8.987s]       |                                            [01;31m[K^~~~~[m[K
[8.987s] [01m[K/home/ghlins/new_tracker/src/rm_auto_aim/armor_detector/src/detector_node.cpp:159:27:[m[K [01;31m[Kerror: [m[Kno matching function for call to â€˜[01m[Krm_auto_aim::ArmorDetectorNode::publishMyArmorPosition(double&, double&, double&)[m[Kâ€™
[8.987s]   159 |     [01;31m[KpublishMyArmorPosition(my_armor_x, my_armor_y, my_armor_z)[m[K;
[8.987s]       |     [01;31m[K~~~~~~~~~~~~~~~~~~~~~~^~~~~~~~~~~~~~~~~~~~~~~~~~~~~~~~~~~~[m[K
[8.987s] In file included from [01m[K/home/ghlins/new_tracker/src/rm_auto_aim/armor_detector/src/detector_node.cpp:25[m[K:
[8.987s] [01m[K/home/ghlins/new_tracker/src/rm_auto_aim/armor_detector/include/armor_detector/detector_node.hpp:56:8:[m[K [01;36m[Knote: [m[Kcandidate: â€˜[01m[Kvoid rm_auto_aim::ArmorDetectorNode::publishMyArmorPosition(double, double)[m[Kâ€™
[8.987s]    56 |   void [01;36m[KpublishMyArmorPosition[m[K(double, double);
[8.987s]       |        [01;36m[K^~~~~~~~~~~~~~~~~~~~~~[m[K
[8.988s] [01m[K/home/ghlins/new_tracker/src/rm_auto_aim/armor_detector/include/armor_detector/detector_node.hpp:56:8:[m[K [01;36m[Knote: [m[K  candidate expects 2 arguments, 3 provided
[8.999s] [01m[K/home/ghlins/new_tracker/src/rm_auto_aim/armor_detector/src/detector_node.cpp:[m[K At global scope:
[8.999s] [01m[K/home/ghlins/new_tracker/src/rm_auto_aim/armor_detector/src/detector_node.cpp:294:6:[m[K [01;31m[Kerror: [m[Kno declaration matches â€˜[01m[Kvoid rm_auto_aim::ArmorDetectorNode::publishMyArmorPosition(double, double, double)[m[Kâ€™
[9.000s]   294 | void [01;31m[KArmorDetectorNode[m[K::publishMyArmorPosition(double my_armor_x, double my_armor_y, double my_armor_z)
[9.000s]       |      [01;31m[K^~~~~~~~~~~~~~~~~[m[K
[9.000s] In file included from [01m[K/home/ghlins/new_tracker/src/rm_auto_aim/armor_detector/src/detector_node.cpp:25[m[K:
[9.000s] [01m[K/home/ghlins/new_tracker/src/rm_auto_aim/armor_detector/include/armor_detector/detector_node.hpp:56:8:[m[K [01;36m[Knote: [m[Kcandidate is: â€˜[01m[Kvoid rm_auto_aim::ArmorDetectorNode::publishMyArmorPosition(double, double)[m[Kâ€™
[9.000s]    56 |   void [01;36m[KpublishMyArmorPosition[m[K(double, double);
[9.000s]       |        [01;36m[K^~~~~~~~~~~~~~~~~~~~~~[m[K
[9.000s] [01m[K/home/ghlins/new_tracker/src/rm_auto_aim/armor_detector/include/armor_detector/detector_node.hpp:33:7:[m[K [01;36m[Knote: [m[Kâ€˜[01m[Kclass rm_auto_aim::ArmorDetectorNode[m[Kâ€™ defined here
[9.000s]    33 | class [01;36m[KArmorDetectorNode[m[K : public rclcpp::Node
[9.000s]       |       [01;36m[K^~~~~~~~~~~~~~~~~[m[K
[12.804s] gmake[2]: *** [CMakeFiles/armor_detector.dir/build.make:90: CMakeFiles/armor_detector.dir/src/detector_node.cpp.o] Error 1
[12.804s] gmake[1]: *** [CMakeFiles/Makefile2:161: CMakeFiles/armor_detector.dir/all] Error 2
[12.804s] gmake: *** [Makefile:146: all] Error 2
[12.805s] Invoked command in '/home/ghlins/new_tracker/build/armor_detector' returned '2': AMENT_PREFIX_PATH=/home/ghlins/new_tracker/install/auto_aim_interfaces:${AMENT_PREFIX_PATH} CMAKE_PREFIX_PATH=/home/ghlins/new_tracker/install/auto_aim_interfaces:/opt/ros/humble LD_LIBRARY_PATH=/home/ghlins/new_tracker/install/auto_aim_interfaces/lib:${LD_LIBRARY_PATH} PYTHONPATH=/home/ghlins/new_tracker/install/auto_aim_interfaces/local/lib/python3.10/dist-packages:${PYTHONPATH} /usr/bin/cmake --build /home/ghlins/new_tracker/build/armor_detector -- -j20 -l20
