-- The C compiler identification is GNU 11.4.0
-- The CXX compiler identification is GNU 11.4.0
-- Detecting C compiler ABI info
-- Detecting C compiler ABI info - done
-- Check for working C compiler: /usr/bin/cc - skipped
-- Detecting C compile features
-- Detecting C compile features - done
-- Detecting CXX compiler ABI info
-- Detecting CXX compiler ABI info - done
-- Check for working CXX compiler: /usr/bin/c++ - skipped
-- Detecting CXX compile features
-- Detecting CXX compile features - done
-- Found ament_cmake_auto: 1.3.5 (/opt/ros/humble/share/ament_cmake_auto/cmake)
-- Found Python3: /usr/bin/python3.10 (found version "3.10.12") found components: Interpreter 
-- Found rosidl_generator_c: 3.1.4 (/opt/ros/humble/share/rosidl_generator_c/cmake)
-- Found rosidl_adapter: 3.1.4 (/opt/ros/humble/share/rosidl_adapter/cmake)
-- Found rosidl_generator_cpp: 3.1.4 (/opt/ros/humble/share/rosidl_generator_cpp/cmake)
-- Using all available rosidl_typesupport_c: rosidl_typesupport_fastrtps_c;rosidl_typesupport_introspection_c
-- Using all available rosidl_typesupport_cpp: rosidl_typesupport_fastrtps_cpp;rosidl_typesupport_introspection_cpp
-- Found rmw_implementation_cmake: 6.1.1 (/opt/ros/humble/share/rmw_implementation_cmake/cmake)
-- Found rmw_fastrtps_cpp: 6.2.2 (/opt/ros/humble/share/rmw_fastrtps_cpp/cmake)
-- Found OpenSSL: /usr/lib/x86_64-linux-gnu/libcrypto.so (found version "3.0.2")  
-- Found FastRTPS: /opt/ros/humble/include  
-- Using RMW implementation 'rmw_fastrtps_cpp' as default
-- Looking for pthread.h
-- Looking for pthread.h - found
-- Performing Test CMAKE_HAVE_LIBC_PTHREAD
-- Performing Test CMAKE_HAVE_LIBC_PTHREAD - Success
-- Found Threads: TRUE  
-- Found eigen3_cmake_module: 0.1.1 (/opt/ros/humble/share/eigen3_cmake_module/cmake)
-- Found Eigen3: TRUE (found version "3.4.0") 
-- Ensuring Eigen3 include directory is part of orocos-kdl CMake target
-- Found ament_lint_auto: 0.12.6 (/opt/ros/humble/share/ament_lint_auto/cmake)
-- Added test 'cppcheck' to perform static code analysis on C / C++ code
-- Configured cppcheck include dirs: /home/ghlins/new_tracker/src/rm_auto_aim/new_tracker/include
-- Configured cppcheck exclude dirs and/or files: 
-- Added test 'flake8' to check Python code syntax and style conventions
-- Added test 'lint_cmake' to check CMake code style
-- Added test 'pep257' to check Python code against some of the docstring style conventions in PEP 257
-- Added test 'xmllint' to check XML markup files
-- Added test 'clang_format' to check C / C++ code style
-- Configuring done
-- Generating done
-- Build files have been written to: /home/ghlins/new_tracker/build/new_armor_tracker
[ 25%] [32mBuilding CXX object CMakeFiles/new_armor_tracker_node.dir/rclcpp_components/node_main_new_armor_tracker_node.cpp.o[0m
[ 50%] [32mBuilding CXX object CMakeFiles/new_armor_tracker.dir/src/new_tracker_node.cpp.o[0m
In file included from [01m[K/home/ghlins/new_tracker/src/rm_auto_aim/new_tracker/src/new_tracker_node.cpp:1[m[K:
[01m[K/home/ghlins/new_tracker/src/rm_auto_aim/new_tracker/include/new_tracker/new_tracker_node.hpp:38:48:[m[K [01;31m[Kerror: [m[Kexpected identifier before â€˜[01m[Kfloat[m[Kâ€™
   38 |   std::shared_ptr calculate_kalman_filter(std::[01;31m[Kfloat[m[K x, std::float y, std::float z);
      |                                                [01;31m[K^~~~~[m[K
[01m[K/home/ghlins/new_tracker/src/rm_auto_aim/new_tracker/include/new_tracker/new_tracker_node.hpp:38:43:[m[K [01;31m[Kerror: [m[Ktwo or more data types in declaration of â€˜[01m[Kx[m[Kâ€™
   38 |   std::shared_ptr calculate_kalman_filter([01;31m[Kstd[m[K::float x, std::float y, std::float z);
      |                                           [01;31m[K^~~[m[K
[01m[K/home/ghlins/new_tracker/src/rm_auto_aim/new_tracker/include/new_tracker/new_tracker_node.hpp:38:55:[m[K [01;31m[Kerror: [m[Kexpected â€˜[01m[K)[m[Kâ€™ before â€˜[01m[K,[m[Kâ€™ token
   38 |   std::shared_ptr calculate_kalman_filter[34m[K([m[Kstd::float x[01;31m[K,[m[K std::float y, std::float z);
      |                                          [34m[K~[m[K            [01;31m[K^[m[K
      |                                                       [32m[K)[m[K
[01m[K/home/ghlins/new_tracker/src/rm_auto_aim/new_tracker/include/new_tracker/new_tracker_node.hpp:38:19:[m[K [01;31m[Kerror: [m[Kdeduced class type â€˜[01m[Kshared_ptr[m[Kâ€™ in function return type
   38 |   std::shared_ptr [01;31m[Kcalculate_kalman_filter[m[K(std::float x, std::float y, std::float z);
      |                   [01;31m[K^~~~~~~~~~~~~~~~~~~~~~~[m[K
In file included from [01m[K/usr/include/c++/11/bits/shared_ptr.h:53[m[K,
                 from [01m[K/usr/include/c++/11/memory:77[m[K,
                 from [01m[K/opt/ros/humble/include/rclcpp/rclcpp/rclcpp.hpp:153[m[K,
                 from [01m[K/home/ghlins/new_tracker/src/rm_auto_aim/new_tracker/include/new_tracker/new_tracker_node.hpp:5[m[K,
                 from [01m[K/home/ghlins/new_tracker/src/rm_auto_aim/new_tracker/src/new_tracker_node.cpp:1[m[K:
[01m[K/usr/include/c++/11/bits/shared_ptr_base.h:319:11:[m[K [01;36m[Knote: [m[Kâ€˜[01m[Ktemplate<class _Tp> class std::shared_ptr[m[Kâ€™ declared here
  319 |     class [01;36m[Kshared_ptr[m[K;
      |           [01;36m[K^~~~~~~~~~[m[K
In file included from [01m[K/home/ghlins/new_tracker/src/rm_auto_aim/new_tracker/src/new_tracker_node.cpp:1[m[K:
[01m[K/home/ghlins/new_tracker/src/rm_auto_aim/new_tracker/include/new_tracker/new_tracker_node.hpp:38:62:[m[K [01;31m[Kerror: [m[Kexpected unqualified-id before â€˜[01m[Kfloat[m[Kâ€™
   38 |   std::shared_ptr calculate_kalman_filter(std::float x, std::[01;31m[Kfloat[m[K y, std::float z);
      |                                                              [01;31m[K^~~~~[m[K
[01m[K/home/ghlins/new_tracker/src/rm_auto_aim/new_tracker/src/new_tracker_node.cpp:[m[K In constructor â€˜[01m[Krm_auto_aim::NewTrackerNode::NewTrackerNode(const rclcpp::NodeOptions&)[m[Kâ€™:
[01m[K/home/ghlins/new_tracker/src/rm_auto_aim/new_tracker/src/new_tracker_node.cpp:19:56:[m[K [01;31m[Kerror: [m[Kâ€˜[01m[KArmorCallback[m[Kâ€™ is not a member of â€˜[01m[Krm_auto_aim::NewTrackerNode[m[Kâ€™
   19 |     "/detector/armors", 10, std::bind(&NewTrackerNode::[01;31m[KArmorCallback[m[K, this, std::placeholders::_1));
      |                                                        [01;31m[K^~~~~~~~~~~~~[m[K
[01m[K/home/ghlins/new_tracker/src/rm_auto_aim/new_tracker/src/new_tracker_node.cpp:[m[K In member function â€˜[01m[Kvoid rm_auto_aim::NewTrackerNode::ArmorsCallback(auto_aim_interfaces::msg::Armors_<std::allocator<void> >::SharedPtr)[m[Kâ€™:
[01m[K/home/ghlins/new_tracker/src/rm_auto_aim/new_tracker/src/new_tracker_node.cpp:31:41:[m[K [01;31m[Kerror: [m[Kâ€˜[01m[Kcalculate_kalman_filter[m[Kâ€™ was not declared in this scope
   31 |   CenterCoordinates prediction_center = [01;31m[Kcalculate_kalman_filter[m[K(nearest.pose.position.x , nearest.pose.position.y , nearest.pose.position.z);
      |                                         [01;31m[K^~~~~~~~~~~~~~~~~~~~~~~[m[K
[01m[K/home/ghlins/new_tracker/src/rm_auto_aim/new_tracker/src/new_tracker_node.cpp:[m[K In member function â€˜[01m[Kauto_aim_interfaces::msg::Armor rm_auto_aim::NewTrackerNode::FindNearestArmor(const SharedPtr&)[m[Kâ€™:
[01m[K/home/ghlins/new_tracker/src/rm_auto_aim/new_tracker/src/new_tracker_node.cpp:47:3:[m[K [01;31m[Kerror: [m[Kâ€˜[01m[Ktracked_armor[m[Kâ€™ was not declared in this scope
   47 |   [01;31m[Ktracked_armor[m[K = armors_msg->armors[0];
      |   [01;31m[K^~~~~~~~~~~~~[m[K
[01m[K/home/ghlins/new_tracker/src/rm_auto_aim/new_tracker/src/new_tracker_node.cpp:47:19:[m[K [01;31m[Kerror: [m[Kâ€˜[01m[Karmors_msg[m[Kâ€™ was not declared in this scope; did you mean â€˜[01m[Karmors[m[Kâ€™?
   47 |   tracked_armor = [01;31m[Karmors_msg[m[K->armors[0];
      |                   [01;31m[K^~~~~~~~~~[m[K
      |                   [32m[Karmors[m[K
[01m[K/home/ghlins/new_tracker/src/rm_auto_aim/new_tracker/src/new_tracker_node.cpp:[m[K At global scope:
[01m[K/home/ghlins/new_tracker/src/rm_auto_aim/new_tracker/src/new_tracker_node.cpp:57:1:[m[K [01;31m[Kerror: [m[Kâ€˜[01m[KCenterCoordinates[m[Kâ€™ does not name a type
   57 | [01;31m[KCenterCoordinates[m[K NewTrackerNode::calculate_kalman_filter(std::float x, std::float y, std::float z)
      | [01;31m[K^~~~~~~~~~~~~~~~~[m[K
[01m[K/home/ghlins/new_tracker/src/rm_auto_aim/new_tracker/src/new_tracker_node.cpp:69:1:[m[K [01;31m[Kerror: [m[Kâ€˜[01m[KDeflectionAngle[m[Kâ€™ does not name a type
   69 | [01;31m[KDeflectionAngle[m[K NewTrackerNode::CalculateAngles(float x, float y, float z)
      | [01;31m[K^~~~~~~~~~~~~~~[m[K
[ 75%] [32m[1mLinking CXX executable new_armor_tracker_node[0m
gmake[2]: *** [CMakeFiles/new_armor_tracker.dir/build.make:76: CMakeFiles/new_armor_tracker.dir/src/new_tracker_node.cpp.o] Error 1
gmake[1]: *** [CMakeFiles/Makefile2:139: CMakeFiles/new_armor_tracker.dir/all] Error 2
gmake[1]: *** Waiting for unfinished jobs....
[ 75%] Built target new_armor_tracker_node
gmake: *** [Makefile:146: all] Error 2
