[0.082s] Invoking command in '/home/ghlins/new_tracker/build/new_armor_tracker': AMENT_PREFIX_PATH=/home/ghlins/new_tracker/install/auto_aim_interfaces:${AMENT_PREFIX_PATH} CMAKE_PREFIX_PATH=/home/ghlins/new_tracker/install/auto_aim_interfaces:/opt/ros/humble LD_LIBRARY_PATH=/home/ghlins/new_tracker/install/auto_aim_interfaces/lib:${LD_LIBRARY_PATH} PYTHONPATH=/home/ghlins/new_tracker/install/auto_aim_interfaces/local/lib/python3.10/dist-packages:${PYTHONPATH} /usr/bin/cmake /home/ghlins/new_tracker/src/rm_auto_aim/new_tracker -DCMAKE_INSTALL_PREFIX=/home/ghlins/new_tracker/install/new_armor_tracker
[0.185s] -- The C compiler identification is GNU 11.4.0
[0.545s] -- The CXX compiler identification is GNU 11.4.0
[0.762s] -- Detecting C compiler ABI info
[0.872s] -- Detecting C compiler ABI info - done
[0.876s] -- Check for working C compiler: /usr/bin/cc - skipped
[0.876s] -- Detecting C compile features
[0.877s] -- Detecting C compile features - done
[0.879s] -- Detecting CXX compiler ABI info
[0.964s] -- Detecting CXX compiler ABI info - done
[0.969s] -- Check for working CXX compiler: /usr/bin/c++ - skipped
[0.969s] -- Detecting CXX compile features
[0.969s] -- Detecting CXX compile features - done
[0.970s] -- Found ament_cmake_auto: 1.3.5 (/opt/ros/humble/share/ament_cmake_auto/cmake)
[1.084s] -- Found Python3: /usr/bin/python3.10 (found version "3.10.12") found components: Interpreter 
[1.272s] -- Found rosidl_generator_c: 3.1.4 (/opt/ros/humble/share/rosidl_generator_c/cmake)
[1.275s] -- Found rosidl_adapter: 3.1.4 (/opt/ros/humble/share/rosidl_adapter/cmake)
[1.280s] -- Found rosidl_generator_cpp: 3.1.4 (/opt/ros/humble/share/rosidl_generator_cpp/cmake)
[1.289s] -- Using all available rosidl_typesupport_c: rosidl_typesupport_fastrtps_c;rosidl_typesupport_introspection_c
[1.300s] -- Using all available rosidl_typesupport_cpp: rosidl_typesupport_fastrtps_cpp;rosidl_typesupport_introspection_cpp
[1.350s] -- Found rmw_implementation_cmake: 6.1.1 (/opt/ros/humble/share/rmw_implementation_cmake/cmake)
[1.352s] -- Found rmw_fastrtps_cpp: 6.2.2 (/opt/ros/humble/share/rmw_fastrtps_cpp/cmake)
[1.702s] -- Found OpenSSL: /usr/lib/x86_64-linux-gnu/libcrypto.so (found version "3.0.2")  
[2.082s] -- Found FastRTPS: /opt/ros/humble/include  
[2.767s] -- Using RMW implementation 'rmw_fastrtps_cpp' as default
[2.774s] -- Looking for pthread.h
[2.860s] -- Looking for pthread.h - found
[2.860s] -- Performing Test CMAKE_HAVE_LIBC_PTHREAD
[2.949s] -- Performing Test CMAKE_HAVE_LIBC_PTHREAD - Success
[2.949s] -- Found Threads: TRUE  
[4.372s] -- Found eigen3_cmake_module: 0.1.1 (/opt/ros/humble/share/eigen3_cmake_module/cmake)
[4.372s] -- Found Eigen3: TRUE (found version "3.4.0") 
[4.372s] -- Ensuring Eigen3 include directory is part of orocos-kdl CMake target
[4.612s] -- Found ament_lint_auto: 0.12.6 (/opt/ros/humble/share/ament_lint_auto/cmake)
[4.627s] -- Added test 'cppcheck' to perform static code analysis on C / C++ code
[4.627s] -- Configured cppcheck include dirs: /home/ghlins/new_tracker/src/rm_auto_aim/new_tracker/include
[4.627s] -- Configured cppcheck exclude dirs and/or files: 
[4.628s] -- Added test 'flake8' to check Python code syntax and style conventions
[4.628s] -- Added test 'lint_cmake' to check CMake code style
[4.629s] -- Added test 'pep257' to check Python code against some of the docstring style conventions in PEP 257
[4.629s] -- Added test 'xmllint' to check XML markup files
[4.631s] -- Added test 'clang_format' to check C / C++ code style
[4.632s] -- Configuring done
[4.643s] -- Generating done
[4.644s] -- Build files have been written to: /home/ghlins/new_tracker/build/new_armor_tracker
[4.653s] Invoked command in '/home/ghlins/new_tracker/build/new_armor_tracker' returned '0': AMENT_PREFIX_PATH=/home/ghlins/new_tracker/install/auto_aim_interfaces:${AMENT_PREFIX_PATH} CMAKE_PREFIX_PATH=/home/ghlins/new_tracker/install/auto_aim_interfaces:/opt/ros/humble LD_LIBRARY_PATH=/home/ghlins/new_tracker/install/auto_aim_interfaces/lib:${LD_LIBRARY_PATH} PYTHONPATH=/home/ghlins/new_tracker/install/auto_aim_interfaces/local/lib/python3.10/dist-packages:${PYTHONPATH} /usr/bin/cmake /home/ghlins/new_tracker/src/rm_auto_aim/new_tracker -DCMAKE_INSTALL_PREFIX=/home/ghlins/new_tracker/install/new_armor_tracker
[4.654s] Invoking command in '/home/ghlins/new_tracker/build/new_armor_tracker': AMENT_PREFIX_PATH=/home/ghlins/new_tracker/install/auto_aim_interfaces:${AMENT_PREFIX_PATH} CMAKE_PREFIX_PATH=/home/ghlins/new_tracker/install/auto_aim_interfaces:/opt/ros/humble LD_LIBRARY_PATH=/home/ghlins/new_tracker/install/auto_aim_interfaces/lib:${LD_LIBRARY_PATH} PYTHONPATH=/home/ghlins/new_tracker/install/auto_aim_interfaces/local/lib/python3.10/dist-packages:${PYTHONPATH} /usr/bin/cmake --build /home/ghlins/new_tracker/build/new_armor_tracker -- -j20 -l20
[4.684s] [ 25%] [32mBuilding CXX object CMakeFiles/new_armor_tracker_node.dir/rclcpp_components/node_main_new_armor_tracker_node.cpp.o[0m
[4.684s] [ 50%] [32mBuilding CXX object CMakeFiles/new_armor_tracker.dir/src/new_tracker_node.cpp.o[0m
[6.823s] In file included from [01m[K/home/ghlins/new_tracker/src/rm_auto_aim/new_tracker/src/new_tracker_node.cpp:1[m[K:
[6.823s] [01m[K/home/ghlins/new_tracker/src/rm_auto_aim/new_tracker/include/new_tracker/new_tracker_node.hpp:38:48:[m[K [01;31m[Kerror: [m[Kexpected identifier before â€˜[01m[Kfloat[m[Kâ€™
[6.823s]    38 |   std::shared_ptr calculate_kalman_filter(std::[01;31m[Kfloat[m[K x, std::float y, std::float z);
[6.824s]       |                                                [01;31m[K^~~~~[m[K
[6.824s] [01m[K/home/ghlins/new_tracker/src/rm_auto_aim/new_tracker/include/new_tracker/new_tracker_node.hpp:38:43:[m[K [01;31m[Kerror: [m[Ktwo or more data types in declaration of â€˜[01m[Kx[m[Kâ€™
[6.824s]    38 |   std::shared_ptr calculate_kalman_filter([01;31m[Kstd[m[K::float x, std::float y, std::float z);
[6.824s]       |                                           [01;31m[K^~~[m[K
[6.824s] [01m[K/home/ghlins/new_tracker/src/rm_auto_aim/new_tracker/include/new_tracker/new_tracker_node.hpp:38:55:[m[K [01;31m[Kerror: [m[Kexpected â€˜[01m[K)[m[Kâ€™ before â€˜[01m[K,[m[Kâ€™ token
[6.824s]    38 |   std::shared_ptr calculate_kalman_filter[34m[K([m[Kstd::float x[01;31m[K,[m[K std::float y, std::float z);
[6.824s]       |                                          [34m[K~[m[K            [01;31m[K^[m[K
[6.824s]       |                                                       [32m[K)[m[K
[6.824s] [01m[K/home/ghlins/new_tracker/src/rm_auto_aim/new_tracker/include/new_tracker/new_tracker_node.hpp:38:19:[m[K [01;31m[Kerror: [m[Kdeduced class type â€˜[01m[Kshared_ptr[m[Kâ€™ in function return type
[6.824s]    38 |   std::shared_ptr [01;31m[Kcalculate_kalman_filter[m[K(std::float x, std::float y, std::float z);
[6.824s]       |                   [01;31m[K^~~~~~~~~~~~~~~~~~~~~~~[m[K
[6.825s] In file included from [01m[K/usr/include/c++/11/bits/shared_ptr.h:53[m[K,
[6.825s]                  from [01m[K/usr/include/c++/11/memory:77[m[K,
[6.825s]                  from [01m[K/opt/ros/humble/include/rclcpp/rclcpp/rclcpp.hpp:153[m[K,
[6.825s]                  from [01m[K/home/ghlins/new_tracker/src/rm_auto_aim/new_tracker/include/new_tracker/new_tracker_node.hpp:5[m[K,
[6.825s]                  from [01m[K/home/ghlins/new_tracker/src/rm_auto_aim/new_tracker/src/new_tracker_node.cpp:1[m[K:
[6.825s] [01m[K/usr/include/c++/11/bits/shared_ptr_base.h:319:11:[m[K [01;36m[Knote: [m[Kâ€˜[01m[Ktemplate<class _Tp> class std::shared_ptr[m[Kâ€™ declared here
[6.825s]   319 |     class [01;36m[Kshared_ptr[m[K;
[6.825s]       |           [01;36m[K^~~~~~~~~~[m[K
[6.825s] In file included from [01m[K/home/ghlins/new_tracker/src/rm_auto_aim/new_tracker/src/new_tracker_node.cpp:1[m[K:
[6.825s] [01m[K/home/ghlins/new_tracker/src/rm_auto_aim/new_tracker/include/new_tracker/new_tracker_node.hpp:38:62:[m[K [01;31m[Kerror: [m[Kexpected unqualified-id before â€˜[01m[Kfloat[m[Kâ€™
[6.825s]    38 |   std::shared_ptr calculate_kalman_filter(std::float x, std::[01;31m[Kfloat[m[K y, std::float z);
[6.825s]       |                                                              [01;31m[K^~~~~[m[K
[6.855s] [01m[K/home/ghlins/new_tracker/src/rm_auto_aim/new_tracker/src/new_tracker_node.cpp:[m[K In constructor â€˜[01m[Krm_auto_aim::NewTrackerNode::NewTrackerNode(const rclcpp::NodeOptions&)[m[Kâ€™:
[6.855s] [01m[K/home/ghlins/new_tracker/src/rm_auto_aim/new_tracker/src/new_tracker_node.cpp:19:56:[m[K [01;31m[Kerror: [m[Kâ€˜[01m[KArmorCallback[m[Kâ€™ is not a member of â€˜[01m[Krm_auto_aim::NewTrackerNode[m[Kâ€™
[6.855s]    19 |     "/detector/armors", 10, std::bind(&NewTrackerNode::[01;31m[KArmorCallback[m[K, this, std::placeholders::_1));
[6.855s]       |                                                        [01;31m[K^~~~~~~~~~~~~[m[K
[6.867s] [01m[K/home/ghlins/new_tracker/src/rm_auto_aim/new_tracker/src/new_tracker_node.cpp:[m[K In member function â€˜[01m[Kvoid rm_auto_aim::NewTrackerNode::ArmorsCallback(auto_aim_interfaces::msg::Armors_<std::allocator<void> >::SharedPtr)[m[Kâ€™:
[6.867s] [01m[K/home/ghlins/new_tracker/src/rm_auto_aim/new_tracker/src/new_tracker_node.cpp:31:41:[m[K [01;31m[Kerror: [m[Kâ€˜[01m[Kcalculate_kalman_filter[m[Kâ€™ was not declared in this scope
[6.867s]    31 |   CenterCoordinates prediction_center = [01;31m[Kcalculate_kalman_filter[m[K(nearest.pose.position.x , nearest.pose.position.y , nearest.pose.position.z);
[6.867s]       |                                         [01;31m[K^~~~~~~~~~~~~~~~~~~~~~~[m[K
[6.873s] [01m[K/home/ghlins/new_tracker/src/rm_auto_aim/new_tracker/src/new_tracker_node.cpp:[m[K In member function â€˜[01m[Kauto_aim_interfaces::msg::Armor rm_auto_aim::NewTrackerNode::FindNearestArmor(const SharedPtr&)[m[Kâ€™:
[6.873s] [01m[K/home/ghlins/new_tracker/src/rm_auto_aim/new_tracker/src/new_tracker_node.cpp:47:3:[m[K [01;31m[Kerror: [m[Kâ€˜[01m[Ktracked_armor[m[Kâ€™ was not declared in this scope
[6.873s]    47 |   [01;31m[Ktracked_armor[m[K = armors_msg->armors[0];
[6.873s]       |   [01;31m[K^~~~~~~~~~~~~[m[K
[6.878s] [01m[K/home/ghlins/new_tracker/src/rm_auto_aim/new_tracker/src/new_tracker_node.cpp:47:19:[m[K [01;31m[Kerror: [m[Kâ€˜[01m[Karmors_msg[m[Kâ€™ was not declared in this scope; did you mean â€˜[01m[Karmors[m[Kâ€™?
[6.878s]    47 |   tracked_armor = [01;31m[Karmors_msg[m[K->armors[0];
[6.878s]       |                   [01;31m[K^~~~~~~~~~[m[K
[6.878s]       |                   [32m[Karmors[m[K
[6.880s] [01m[K/home/ghlins/new_tracker/src/rm_auto_aim/new_tracker/src/new_tracker_node.cpp:[m[K At global scope:
[6.880s] [01m[K/home/ghlins/new_tracker/src/rm_auto_aim/new_tracker/src/new_tracker_node.cpp:57:1:[m[K [01;31m[Kerror: [m[Kâ€˜[01m[KCenterCoordinates[m[Kâ€™ does not name a type
[6.880s]    57 | [01;31m[KCenterCoordinates[m[K NewTrackerNode::calculate_kalman_filter(std::float x, std::float y, std::float z)
[6.880s]       | [01;31m[K^~~~~~~~~~~~~~~~~[m[K
[6.881s] [01m[K/home/ghlins/new_tracker/src/rm_auto_aim/new_tracker/src/new_tracker_node.cpp:69:1:[m[K [01;31m[Kerror: [m[Kâ€˜[01m[KDeflectionAngle[m[Kâ€™ does not name a type
[6.881s]    69 | [01;31m[KDeflectionAngle[m[K NewTrackerNode::CalculateAngles(float x, float y, float z)
[6.881s]       | [01;31m[K^~~~~~~~~~~~~~~[m[K
[7.437s] [ 75%] [32m[1mLinking CXX executable new_armor_tracker_node[0m
[7.508s] gmake[2]: *** [CMakeFiles/new_armor_tracker.dir/build.make:76: CMakeFiles/new_armor_tracker.dir/src/new_tracker_node.cpp.o] Error 1
[7.508s] gmake[1]: *** [CMakeFiles/Makefile2:139: CMakeFiles/new_armor_tracker.dir/all] Error 2
[7.509s] gmake[1]: *** Waiting for unfinished jobs....
[7.584s] [ 75%] Built target new_armor_tracker_node
[7.585s] gmake: *** [Makefile:146: all] Error 2
[7.587s] Invoked command in '/home/ghlins/new_tracker/build/new_armor_tracker' returned '2': AMENT_PREFIX_PATH=/home/ghlins/new_tracker/install/auto_aim_interfaces:${AMENT_PREFIX_PATH} CMAKE_PREFIX_PATH=/home/ghlins/new_tracker/install/auto_aim_interfaces:/opt/ros/humble LD_LIBRARY_PATH=/home/ghlins/new_tracker/install/auto_aim_interfaces/lib:${LD_LIBRARY_PATH} PYTHONPATH=/home/ghlins/new_tracker/install/auto_aim_interfaces/local/lib/python3.10/dist-packages:${PYTHONPATH} /usr/bin/cmake --build /home/ghlins/new_tracker/build/new_armor_tracker -- -j20 -l20
