[0.075s] Invoking command in '/home/ghlins/new_tracker/build/armor_detector': AMENT_PREFIX_PATH=/home/ghlins/new_tracker/install/auto_aim_interfaces:${AMENT_PREFIX_PATH} CMAKE_PREFIX_PATH=/home/ghlins/new_tracker/install/auto_aim_interfaces:/opt/ros/humble LD_LIBRARY_PATH=/home/ghlins/new_tracker/install/auto_aim_interfaces/lib:${LD_LIBRARY_PATH} PYTHONPATH=/home/ghlins/new_tracker/install/auto_aim_interfaces/local/lib/python3.10/dist-packages:${PYTHONPATH} /usr/bin/cmake --build /home/ghlins/new_tracker/build/armor_detector -- -j20 -l20
[0.112s] [35m[1mConsolidate compiler generated dependencies of target gtest_main[0m
[0.113s] [35m[1mConsolidate compiler generated dependencies of target armor_detector_node[0m
[0.114s] [35m[1mConsolidate compiler generated dependencies of target gtest[0m
[0.115s] [35m[1mConsolidate compiler generated dependencies of target armor_detector[0m
[0.123s] [ 13%] Built target gtest_main
[0.126s] [ 26%] Built target gtest
[0.143s] [ 40%] Built target armor_detector_node
[0.146s] [ 46%] [32mBuilding CXX object CMakeFiles/armor_detector.dir/src/detector_node.cpp.o[0m
[3.599s] [01m[K/home/ghlins/new_tracker/src/rm_auto_aim/armor_detector/src/detector_node.cpp:[m[K In constructor â€˜[01m[Krm_auto_aim::ArmorDetectorNode::ArmorDetectorNode(const rclcpp::NodeOptions&)[m[Kâ€™:
[3.599s] [01m[K/home/ghlins/new_tracker/src/rm_auto_aim/armor_detector/src/detector_node.cpp:96:123:[m[K [01;31m[Kerror: [m[Kexpected â€˜[01m[K;[m[Kâ€™ before â€˜[01m[K}[m[Kâ€™ token
[3.599s]    96 |       publishMyArmorPosition((detector_->FilterUniquenessArmor()).center.x, (detector_->FilterUniquenessArmor()).center.y)
[3.599s]       |                                                                                                                           [01;31m[K^[m[K
[3.599s]       |                                                                                                                           [32m[K;[m[K
[3.599s]    97 |       [32m[K}[m[K
[3.599s]       |       [32m[K~[m[K                                                                                                                    
[8.205s] gmake[2]: *** [CMakeFiles/armor_detector.dir/build.make:90: CMakeFiles/armor_detector.dir/src/detector_node.cpp.o] Error 1
[8.206s] gmake[1]: *** [CMakeFiles/Makefile2:161: CMakeFiles/armor_detector.dir/all] Error 2
[8.206s] gmake: *** [Makefile:146: all] Error 2
