[0.072s] Invoking command in '/home/ghlins/new_tracker/build/new_armor_tracker': AMENT_PREFIX_PATH=/home/ghlins/new_tracker/install/auto_aim_interfaces:${AMENT_PREFIX_PATH} CMAKE_PREFIX_PATH=/home/ghlins/new_tracker/install/auto_aim_interfaces:/opt/ros/humble LD_LIBRARY_PATH=/home/ghlins/new_tracker/install/auto_aim_interfaces/lib:${LD_LIBRARY_PATH} PYTHONPATH=/home/ghlins/new_tracker/install/auto_aim_interfaces/local/lib/python3.10/dist-packages:${PYTHONPATH} /usr/bin/cmake /home/ghlins/new_tracker/src/rm_auto_aim/new_tracker -DCMAKE_INSTALL_PREFIX=/home/ghlins/new_tracker/install/new_armor_tracker
[0.172s] -- The C compiler identification is GNU 11.4.0
[0.542s] -- The CXX compiler identification is GNU 11.4.0
[0.803s] -- Detecting C compiler ABI info
[0.888s] -- Detecting C compiler ABI info - done
[0.893s] -- Check for working C compiler: /usr/bin/cc - skipped
[0.893s] -- Detecting C compile features
[0.893s] -- Detecting C compile features - done
[0.895s] -- Detecting CXX compiler ABI info
[1.018s] -- Detecting CXX compiler ABI info - done
[1.023s] -- Check for working CXX compiler: /usr/bin/c++ - skipped
[1.023s] -- Detecting CXX compile features
[1.023s] -- Detecting CXX compile features - done
[1.025s] -- Found ament_cmake_auto: 1.3.5 (/opt/ros/humble/share/ament_cmake_auto/cmake)
[1.137s] -- Found Python3: /usr/bin/python3.10 (found version "3.10.12") found components: Interpreter 
[1.196s] -- Found OpenCV: /usr (found version "4.5.4") 
[1.340s] -- Found rosidl_generator_c: 3.1.4 (/opt/ros/humble/share/rosidl_generator_c/cmake)
[1.343s] -- Found rosidl_adapter: 3.1.4 (/opt/ros/humble/share/rosidl_adapter/cmake)
[1.349s] -- Found rosidl_generator_cpp: 3.1.4 (/opt/ros/humble/share/rosidl_generator_cpp/cmake)
[1.357s] -- Using all available rosidl_typesupport_c: rosidl_typesupport_fastrtps_c;rosidl_typesupport_introspection_c
[1.369s] -- Using all available rosidl_typesupport_cpp: rosidl_typesupport_fastrtps_cpp;rosidl_typesupport_introspection_cpp
[1.414s] -- Found rmw_implementation_cmake: 6.1.1 (/opt/ros/humble/share/rmw_implementation_cmake/cmake)
[1.416s] -- Found rmw_fastrtps_cpp: 6.2.2 (/opt/ros/humble/share/rmw_fastrtps_cpp/cmake)
[1.889s] -- Found OpenSSL: /usr/lib/x86_64-linux-gnu/libcrypto.so (found version "3.0.2")  
[2.390s] -- Found FastRTPS: /opt/ros/humble/include  
[3.310s] -- Using RMW implementation 'rmw_fastrtps_cpp' as default
[3.316s] -- Looking for pthread.h
[3.429s] -- Looking for pthread.h - found
[3.429s] -- Performing Test CMAKE_HAVE_LIBC_PTHREAD
[3.538s] -- Performing Test CMAKE_HAVE_LIBC_PTHREAD - Success
[3.539s] -- Found Threads: TRUE  
[5.229s] -- Found eigen3_cmake_module: 0.1.1 (/opt/ros/humble/share/eigen3_cmake_module/cmake)
[5.231s] -- Found Eigen3: TRUE (found version "3.4.0") 
[5.231s] -- Ensuring Eigen3 include directory is part of orocos-kdl CMake target
[5.466s] -- Found ament_lint_auto: 0.12.6 (/opt/ros/humble/share/ament_lint_auto/cmake)
[5.481s] -- Added test 'cppcheck' to perform static code analysis on C / C++ code
[5.481s] -- Configured cppcheck include dirs: /home/ghlins/new_tracker/src/rm_auto_aim/new_tracker/include
[5.481s] -- Configured cppcheck exclude dirs and/or files: 
[5.481s] -- Added test 'flake8' to check Python code syntax and style conventions
[5.482s] -- Added test 'lint_cmake' to check CMake code style
[5.482s] -- Added test 'pep257' to check Python code against some of the docstring style conventions in PEP 257
[5.483s] -- Added test 'xmllint' to check XML markup files
[5.484s] -- Added test 'clang_format' to check C / C++ code style
[5.486s] -- Configuring done
[5.498s] -- Generating done
[5.499s] -- Build files have been written to: /home/ghlins/new_tracker/build/new_armor_tracker
[5.508s] Invoked command in '/home/ghlins/new_tracker/build/new_armor_tracker' returned '0': AMENT_PREFIX_PATH=/home/ghlins/new_tracker/install/auto_aim_interfaces:${AMENT_PREFIX_PATH} CMAKE_PREFIX_PATH=/home/ghlins/new_tracker/install/auto_aim_interfaces:/opt/ros/humble LD_LIBRARY_PATH=/home/ghlins/new_tracker/install/auto_aim_interfaces/lib:${LD_LIBRARY_PATH} PYTHONPATH=/home/ghlins/new_tracker/install/auto_aim_interfaces/local/lib/python3.10/dist-packages:${PYTHONPATH} /usr/bin/cmake /home/ghlins/new_tracker/src/rm_auto_aim/new_tracker -DCMAKE_INSTALL_PREFIX=/home/ghlins/new_tracker/install/new_armor_tracker
[5.509s] Invoking command in '/home/ghlins/new_tracker/build/new_armor_tracker': AMENT_PREFIX_PATH=/home/ghlins/new_tracker/install/auto_aim_interfaces:${AMENT_PREFIX_PATH} CMAKE_PREFIX_PATH=/home/ghlins/new_tracker/install/auto_aim_interfaces:/opt/ros/humble LD_LIBRARY_PATH=/home/ghlins/new_tracker/install/auto_aim_interfaces/lib:${LD_LIBRARY_PATH} PYTHONPATH=/home/ghlins/new_tracker/install/auto_aim_interfaces/local/lib/python3.10/dist-packages:${PYTHONPATH} /usr/bin/cmake --build /home/ghlins/new_tracker/build/new_armor_tracker -- -j20 -l20
[5.537s] [ 25%] [32mBuilding CXX object CMakeFiles/new_armor_tracker.dir/src/new_tracker_node.cpp.o[0m
[5.537s] [ 50%] [32mBuilding CXX object CMakeFiles/new_armor_tracker_node.dir/rclcpp_components/node_main_new_armor_tracker_node.cpp.o[0m
[8.280s] In file included from [01m[K/home/ghlins/new_tracker/src/rm_auto_aim/new_tracker/src/new_tracker_node.cpp:1[m[K:
[8.280s] [01m[K/home/ghlins/new_tracker/src/rm_auto_aim/new_tracker/include/new_tracker/new_tracker_node.hpp:46:77:[m[K [01;31m[Kerror: [m[Kexpected â€˜[01m[K;[m[Kâ€™ at end of member declaration
[8.280s]    46 |   void CalculateKalmanFilter(double center_x,double center_y,double center_z[01;31m[K)[m[K
[8.280s]       |                                                                             [01;31m[K^[m[K
[8.280s]       |                                                                              [32m[K;[m[K
[8.331s] [01m[K/home/ghlins/new_tracker/src/rm_auto_aim/new_tracker/src/new_tracker_node.cpp:[m[K In member function â€˜[01m[Kvoid rm_auto_aim::NewTrackerNode::ArmorsCallback(auto_aim_interfaces::msg::Armors_<std::allocator<void> >::SharedPtr)[m[Kâ€™:
[8.331s] [01m[K/home/ghlins/new_tracker/src/rm_auto_aim/new_tracker/src/new_tracker_node.cpp:29:3:[m[K [01;31m[Kerror: [m[Kâ€˜[01m[Kcalculate_kalman_filter[m[Kâ€™ was not declared in this scope; did you mean â€˜[01m[KCalculateKalmanFilter[m[Kâ€™?
[8.331s]    29 |   [01;31m[Kcalculate_kalman_filter[m[K(tracked_armor.pose.position.x , tracked_armor.pose.position.y , tracked_armor.pose.position.z);
[8.331s]       |   [01;31m[K^~~~~~~~~~~~~~~~~~~~~~~[m[K
[8.331s]       |   [32m[KCalculateKalmanFilter[m[K
[8.332s] [01m[K/home/ghlins/new_tracker/src/rm_auto_aim/new_tracker/src/new_tracker_node.cpp:[m[K In member function â€˜[01m[Kvoid rm_auto_aim::NewTrackerNode::CalculateKalmanFilter(double, double, double)[m[Kâ€™:
[8.333s] [01m[K/home/ghlins/new_tracker/src/rm_auto_aim/new_tracker/src/new_tracker_node.cpp:59:12:[m[K [01;31m[Kerror: [m[Kdeclaration of â€˜[01m[Kdouble center_x[m[Kâ€™ shadows a parameter
[8.333s]    59 |     double [01;31m[Kcenter_x[m[K;
[8.333s]       |            [01;31m[K^~~~~~~~[m[K
[8.333s] [01m[K/home/ghlins/new_tracker/src/rm_auto_aim/new_tracker/src/new_tracker_node.cpp:55:51:[m[K [01;36m[Knote: [m[Kâ€˜[01m[Kdouble center_x[m[Kâ€™ previously declared here
[8.333s]    55 | void NewTrackerNode::CalculateKalmanFilter([01;36m[Kdouble center_x[m[K,double center_y,double center_z)
[8.333s]       |                                            [01;36m[K~~~~~~~^~~~~~~~[m[K
[8.333s] [01m[K/home/ghlins/new_tracker/src/rm_auto_aim/new_tracker/src/new_tracker_node.cpp:60:12:[m[K [01;31m[Kerror: [m[Kdeclaration of â€˜[01m[Kdouble center_y[m[Kâ€™ shadows a parameter
[8.333s]    60 |     double [01;31m[Kcenter_y[m[K;
[8.333s]       |            [01;31m[K^~~~~~~~[m[K
[8.333s] [01m[K/home/ghlins/new_tracker/src/rm_auto_aim/new_tracker/src/new_tracker_node.cpp:55:67:[m[K [01;36m[Knote: [m[Kâ€˜[01m[Kdouble center_y[m[Kâ€™ previously declared here
[8.333s]    55 | void NewTrackerNode::CalculateKalmanFilter(double center_x,[01;36m[Kdouble center_y[m[K,double center_z)
[8.334s]       |                                                            [01;36m[K~~~~~~~^~~~~~~~[m[K
[8.334s] [01m[K/home/ghlins/new_tracker/src/rm_auto_aim/new_tracker/src/new_tracker_node.cpp:61:12:[m[K [01;31m[Kerror: [m[Kdeclaration of â€˜[01m[Kdouble center_z[m[Kâ€™ shadows a parameter
[8.334s]    61 |     double [01;31m[Kcenter_z[m[K;
[8.334s]       |            [01;31m[K^~~~~~~~[m[K
[8.334s] [01m[K/home/ghlins/new_tracker/src/rm_auto_aim/new_tracker/src/new_tracker_node.cpp:55:83:[m[K [01;36m[Knote: [m[Kâ€˜[01m[Kdouble center_z[m[Kâ€™ previously declared here
[8.334s]    55 | void NewTrackerNode::CalculateKalmanFilter(double center_x,double center_y,[01;36m[Kdouble center_z[m[K)
[8.334s]       |                                                                            [01;36m[K~~~~~~~^~~~~~~~[m[K
[8.334s] [01m[K/home/ghlins/new_tracker/src/rm_auto_aim/new_tracker/src/new_tracker_node.cpp:65:5:[m[K [01;31m[Kerror: [m[Kâ€˜[01m[KKalmanFilter[m[Kâ€™ was not declared in this scope; did you mean â€˜[01m[Kcv::KalmanFilter[m[Kâ€™?
[8.334s]    65 |     [01;31m[KKalmanFilter[m[K KF(stateNum,measureNum,0);
[8.334s]       |     [01;31m[K^~~~~~~~~~~~[m[K
[8.334s]       |     [32m[Kcv::KalmanFilter[m[K
[8.334s] In file included from [01m[K/usr/include/opencv4/opencv2/video.hpp:56[m[K,
[8.334s]                  from [01m[K/usr/include/opencv4/opencv2/opencv.hpp:89[m[K,
[8.334s]                  from [01m[K/home/ghlins/new_tracker/src/rm_auto_aim/new_tracker/include/new_tracker/new_tracker_node.hpp:11[m[K,
[8.334s]                  from [01m[K/home/ghlins/new_tracker/src/rm_auto_aim/new_tracker/src/new_tracker_node.cpp:1[m[K:
[8.334s] [01m[K/usr/include/opencv4/opencv2/video/tracking.hpp:360:20:[m[K [01;36m[Knote: [m[Kâ€˜[01m[Kcv::KalmanFilter[m[Kâ€™ declared here
[8.334s]   360 | class CV_EXPORTS_W [01;36m[KKalmanFilter[m[K
[8.334s]       |                    [01;36m[K^~~~~~~~~~~~[m[K
[8.334s] [01m[K/home/ghlins/new_tracker/src/rm_auto_aim/new_tracker/src/new_tracker_node.cpp:66:13:[m[K [01;31m[Kerror: [m[Kredeclaration of â€˜[01m[Kcv::Mat measurement[m[Kâ€™
[8.335s]    66 |     cv::Mat [01;31m[Kmeasurement[m[K=cv::Mat::zeros(measureNum,1,CV_32F);
[8.335s]       |             [01;31m[K^~~~~~~~~~~[m[K
[8.335s] [01m[K/home/ghlins/new_tracker/src/rm_auto_aim/new_tracker/src/new_tracker_node.cpp:58:13:[m[K [01;36m[Knote: [m[Kâ€˜[01m[Kcv::Mat measurement[m[Kâ€™ previously declared here
[8.335s]    58 |     cv::Mat [01;36m[Kmeasurement[m[K;
[8.335s]       |             [01;36m[K^~~~~~~~~~~[m[K
[8.335s] [01m[K/home/ghlins/new_tracker/src/rm_auto_aim/new_tracker/src/new_tracker_node.cpp:83:35:[m[K [01;31m[Kerror: [m[Kno match for â€˜[01m[Koperator[][m[Kâ€™ (operand types are â€˜[01m[Kcv::Mat[m[Kâ€™ and â€˜[01m[Kint[m[Kâ€™)
[8.335s]    83 |     prediction_center.x=prediction[01;31m[K[[m[K0];
[8.335s]       |                                   [01;31m[K^[m[K
[8.335s] [01m[K/home/ghlins/new_tracker/src/rm_auto_aim/new_tracker/src/new_tracker_node.cpp:84:35:[m[K [01;31m[Kerror: [m[Kno match for â€˜[01m[Koperator[][m[Kâ€™ (operand types are â€˜[01m[Kcv::Mat[m[Kâ€™ and â€˜[01m[Kint[m[Kâ€™)
[8.335s]    84 |     prediction_center.x=prediction[01;31m[K[[m[K1];
[8.335s]       |                                   [01;31m[K^[m[K
[8.335s] [01m[K/home/ghlins/new_tracker/src/rm_auto_aim/new_tracker/src/new_tracker_node.cpp:85:35:[m[K [01;31m[Kerror: [m[Kno match for â€˜[01m[Koperator[][m[Kâ€™ (operand types are â€˜[01m[Kcv::Mat[m[Kâ€™ and â€˜[01m[Kint[m[Kâ€™)
[8.335s]    85 |     prediction_center.x=prediction[01;31m[K[[m[K2];
[8.335s]       |                                   [01;31m[K^[m[K
[8.468s] [ 75%] [32m[1mLinking CXX executable new_armor_tracker_node[0m
[8.606s] [ 75%] Built target new_armor_tracker_node
[10.393s] gmake[2]: *** [CMakeFiles/new_armor_tracker.dir/build.make:76: CMakeFiles/new_armor_tracker.dir/src/new_tracker_node.cpp.o] Error 1
[10.394s] gmake[1]: *** [CMakeFiles/Makefile2:139: CMakeFiles/new_armor_tracker.dir/all] Error 2
[10.394s] gmake: *** [Makefile:146: all] Error 2
[10.396s] Invoked command in '/home/ghlins/new_tracker/build/new_armor_tracker' returned '2': AMENT_PREFIX_PATH=/home/ghlins/new_tracker/install/auto_aim_interfaces:${AMENT_PREFIX_PATH} CMAKE_PREFIX_PATH=/home/ghlins/new_tracker/install/auto_aim_interfaces:/opt/ros/humble LD_LIBRARY_PATH=/home/ghlins/new_tracker/install/auto_aim_interfaces/lib:${LD_LIBRARY_PATH} PYTHONPATH=/home/ghlins/new_tracker/install/auto_aim_interfaces/local/lib/python3.10/dist-packages:${PYTHONPATH} /usr/bin/cmake --build /home/ghlins/new_tracker/build/new_armor_tracker -- -j20 -l20
