In file included from [01m[K/home/ghlins/new_tracker/src/rm_auto_aim/new_tracker/src/new_tracker_node.cpp:1[m[K:
[01m[K/home/ghlins/new_tracker/src/rm_auto_aim/new_tracker/include/new_tracker/new_tracker_node.hpp:40:56:[m[K [01;31m[Kerror: [m[Kexpected identifier before â€˜[01m[Kfloat[m[Kâ€™
   40 |   DeflectionAngle NewTrackerNode::CalculateAngles(std::[01;31m[Kfloat[m[K x, std::float y, std::float z);
      |                                                        [01;31m[K^~~~~[m[K
[01m[K/home/ghlins/new_tracker/src/rm_auto_aim/new_tracker/include/new_tracker/new_tracker_node.hpp:40:51:[m[K [01;31m[Kerror: [m[Ktwo or more data types in declaration of â€˜[01m[Kx[m[Kâ€™
   40 |   DeflectionAngle NewTrackerNode::CalculateAngles([01;31m[Kstd[m[K::float x, std::float y, std::float z);
      |                                                   [01;31m[K^~~[m[K
[01m[K/home/ghlins/new_tracker/src/rm_auto_aim/new_tracker/include/new_tracker/new_tracker_node.hpp:40:63:[m[K [01;31m[Kerror: [m[Kexpected â€˜[01m[K)[m[Kâ€™ before â€˜[01m[K,[m[Kâ€™ token
   40 |   DeflectionAngle NewTrackerNode::CalculateAngles[34m[K([m[Kstd::float x[01;31m[K,[m[K std::float y, std::float z);
      |                                                  [34m[K~[m[K            [01;31m[K^[m[K
      |                                                               [32m[K)[m[K
[01m[K/home/ghlins/new_tracker/src/rm_auto_aim/new_tracker/include/new_tracker/new_tracker_node.hpp:40:19:[m[K [01;31m[Kerror: [m[Kextra qualification â€˜[01m[Krm_auto_aim::NewTrackerNode::[m[Kâ€™ on member â€˜[01m[KCalculateAngles[m[Kâ€™ [[01;31m[K]8;;https://gcc.gnu.org/onlinedocs/gcc/Warning-Options.html#index-fpermissive-fpermissive]8;;[m[K]
   40 |   DeflectionAngle [01;31m[KNewTrackerNode[m[K::CalculateAngles(std::float x, std::float y, std::float z);
      |                   [01;31m[K^~~~~~~~~~~~~~[m[K
[01m[K/home/ghlins/new_tracker/src/rm_auto_aim/new_tracker/include/new_tracker/new_tracker_node.hpp:40:70:[m[K [01;31m[Kerror: [m[Kexpected unqualified-id before â€˜[01m[Kfloat[m[Kâ€™
   40 |   DeflectionAngle NewTrackerNode::CalculateAngles(std::float x, std::[01;31m[Kfloat[m[K y, std::float z);
      |                                                                      [01;31m[K^~~~~[m[K
[01m[K/home/ghlins/new_tracker/src/rm_auto_aim/new_tracker/src/new_tracker_node.cpp:[m[K In constructor â€˜[01m[Krm_auto_aim::NewTrackerNode::NewTrackerNode(const rclcpp::NodeOptions&)[m[Kâ€™:
[01m[K/home/ghlins/new_tracker/src/rm_auto_aim/new_tracker/src/new_tracker_node.cpp:19:40:[m[K [01;31m[Kerror: [m[Kâ€˜[01m[KNewTracker[m[Kâ€™ has not been declared
   19 |     "/detector/armors", 10, std::bind(&[01;31m[KNewTracker[m[K::ArmorCallback, this, std::placeholders::_1));
      |                                        [01;31m[K^~~~~~~~~~[m[K
[01m[K/home/ghlins/new_tracker/src/rm_auto_aim/new_tracker/src/new_tracker_node.cpp:[m[K In member function â€˜[01m[Kvoid rm_auto_aim::NewTrackerNode::ArmorsCallback(auto_aim_interfaces::msg::Armors_<std::allocator<void> >::SharedPtr)[m[Kâ€™:
[01m[K/home/ghlins/new_tracker/src/rm_auto_aim/new_tracker/src/new_tracker_node.cpp:31:64:[m[K [01;31m[Kerror: [m[Kno matching function for call to â€˜[01m[Krm_auto_aim::NewTrackerNode::calculate_kalman_filter(geometry_msgs::msg::Point_<std::allocator<void> >::_x_type&, geometry_msgs::msg::Point_<std::allocator<void> >::_y_type&, geometry_msgs::msg::Point_<std::allocator<void> >::_z_type&)[m[Kâ€™
   31 |   CenterCoordinates prediction_center = [01;31m[Kcalculate_kalman_filter([m[K
      |                                         [01;31m[K~~~~~~~~~~~~~~~~~~~~~~~^[m[K
   32 | [01;31m[K    nearest.pose.position.x , nearest.pose.position.y , nearest.pose.position.z)[m[K;
      |     [01;31m[K~~~~~~~~~~~~~~~~~~~~~~~~~~~~~~~~~~~~~~~~~~~~~~~~~~~~~~~~~~~~~~~~~~~~~~~~~~~~[m[K
In file included from [01m[K/home/ghlins/new_tracker/src/rm_auto_aim/new_tracker/src/new_tracker_node.cpp:1[m[K:
[01m[K/home/ghlins/new_tracker/src/rm_auto_aim/new_tracker/include/new_tracker/new_tracker_node.hpp:38:21:[m[K [01;36m[Knote: [m[Kcandidate: â€˜[01m[Krm_auto_aim::NewTrackerNode::CenterCoordinates rm_auto_aim::NewTrackerNode::calculate_kalman_filter(auto_aim_interfaces::msg::Armor)[m[Kâ€™
   38 |   CenterCoordinates [01;36m[Kcalculate_kalman_filter[m[K(auto_aim_interfaces::msg::Armor armor);
      |                     [01;36m[K^~~~~~~~~~~~~~~~~~~~~~~[m[K
[01m[K/home/ghlins/new_tracker/src/rm_auto_aim/new_tracker/include/new_tracker/new_tracker_node.hpp:38:21:[m[K [01;36m[Knote: [m[K  candidate expects 1 argument, 3 provided
[01m[K/home/ghlins/new_tracker/src/rm_auto_aim/new_tracker/src/new_tracker_node.cpp:[m[K In member function â€˜[01m[Kauto_aim_interfaces::msg::Armor rm_auto_aim::NewTrackerNode::FindNearestArmor(const SharedPtr&)[m[Kâ€™:
[01m[K/home/ghlins/new_tracker/src/rm_auto_aim/new_tracker/src/new_tracker_node.cpp:49:3:[m[K [01;31m[Kerror: [m[Kâ€˜[01m[Ktracked_armor[m[Kâ€™ was not declared in this scope
   49 |   [01;31m[Ktracked_armor[m[K = armors_msg->armors[0];
      |   [01;31m[K^~~~~~~~~~~~~[m[K
[01m[K/home/ghlins/new_tracker/src/rm_auto_aim/new_tracker/src/new_tracker_node.cpp:49:19:[m[K [01;31m[Kerror: [m[Kâ€˜[01m[Karmors_msg[m[Kâ€™ was not declared in this scope; did you mean â€˜[01m[Karmors[m[Kâ€™?
   49 |   tracked_armor = [01;31m[Karmors_msg[m[K->armors[0];
      |                   [01;31m[K^~~~~~~~~~[m[K
      |                   [32m[Karmors[m[K
[01m[K/home/ghlins/new_tracker/src/rm_auto_aim/new_tracker/src/new_tracker_node.cpp:[m[K At global scope:
[01m[K/home/ghlins/new_tracker/src/rm_auto_aim/new_tracker/src/new_tracker_node.cpp:59:1:[m[K [01;31m[Kerror: [m[Kâ€˜[01m[KCenterCoordinates[m[Kâ€™ does not name a type
   59 | [01;31m[KCenterCoordinates[m[K NewTrackerNode::calculate_kalman_filter(std::float x, std::float y, std::float z)
      | [01;31m[K^~~~~~~~~~~~~~~~~[m[K
[01m[K/home/ghlins/new_tracker/src/rm_auto_aim/new_tracker/src/new_tracker_node.cpp:71:1:[m[K [01;31m[Kerror: [m[Kâ€˜[01m[KDeflectionAngle[m[Kâ€™ does not name a type
   71 | [01;31m[KDeflectionAngle[m[K NewTrackerNode::CalculateAngles(std::float x, std::float y, std::float z)
      | [01;31m[K^~~~~~~~~~~~~~~[m[K
gmake[2]: *** [CMakeFiles/new_armor_tracker.dir/build.make:76: CMakeFiles/new_armor_tracker.dir/src/new_tracker_node.cpp.o] Error 1
gmake[1]: *** [CMakeFiles/Makefile2:139: CMakeFiles/new_armor_tracker.dir/all] Error 2
gmake[1]: *** Waiting for unfinished jobs....
gmake: *** [Makefile:146: all] Error 2
