[0.057s] Invoking command in '/home/ghlins/new_tracker/build/new_armor_tracker': AMENT_PREFIX_PATH=/home/ghlins/new_tracker/install/auto_aim_interfaces:${AMENT_PREFIX_PATH} CMAKE_PREFIX_PATH=/home/ghlins/new_tracker/install/auto_aim_interfaces:/opt/ros/humble LD_LIBRARY_PATH=/home/ghlins/new_tracker/install/auto_aim_interfaces/lib:${LD_LIBRARY_PATH} PYTHONPATH=/home/ghlins/new_tracker/install/auto_aim_interfaces/local/lib/python3.10/dist-packages:${PYTHONPATH} /usr/bin/cmake /home/ghlins/new_tracker/src/rm_auto_aim/new_tracker -DCMAKE_INSTALL_PREFIX=/home/ghlins/new_tracker/install/new_armor_tracker
[0.136s] -- The C compiler identification is GNU 11.4.0
[0.432s] -- The CXX compiler identification is GNU 11.4.0
[0.656s] -- Detecting C compiler ABI info
[0.741s] -- Detecting C compiler ABI info - done
[0.745s] -- Check for working C compiler: /usr/bin/cc - skipped
[0.746s] -- Detecting C compile features
[0.746s] -- Detecting C compile features - done
[0.748s] -- Detecting CXX compiler ABI info
[0.841s] -- Detecting CXX compiler ABI info - done
[0.845s] -- Check for working CXX compiler: /usr/bin/c++ - skipped
[0.846s] -- Detecting CXX compile features
[0.846s] -- Detecting CXX compile features - done
[0.847s] -- Found ament_cmake_auto: 1.3.5 (/opt/ros/humble/share/ament_cmake_auto/cmake)
[0.958s] -- Found Python3: /usr/bin/python3.10 (found version "3.10.12") found components: Interpreter 
[1.144s] -- Found rosidl_generator_c: 3.1.4 (/opt/ros/humble/share/rosidl_generator_c/cmake)
[1.148s] -- Found rosidl_adapter: 3.1.4 (/opt/ros/humble/share/rosidl_adapter/cmake)
[1.153s] -- Found rosidl_generator_cpp: 3.1.4 (/opt/ros/humble/share/rosidl_generator_cpp/cmake)
[1.161s] -- Using all available rosidl_typesupport_c: rosidl_typesupport_fastrtps_c;rosidl_typesupport_introspection_c
[1.175s] -- Using all available rosidl_typesupport_cpp: rosidl_typesupport_fastrtps_cpp;rosidl_typesupport_introspection_cpp
[1.220s] -- Found rmw_implementation_cmake: 6.1.1 (/opt/ros/humble/share/rmw_implementation_cmake/cmake)
[1.222s] -- Found rmw_fastrtps_cpp: 6.2.2 (/opt/ros/humble/share/rmw_fastrtps_cpp/cmake)
[1.601s] -- Found OpenSSL: /usr/lib/x86_64-linux-gnu/libcrypto.so (found version "3.0.2")  
[2.012s] -- Found FastRTPS: /opt/ros/humble/include  
[2.736s] -- Using RMW implementation 'rmw_fastrtps_cpp' as default
[2.741s] -- Looking for pthread.h
[2.824s] -- Looking for pthread.h - found
[2.824s] -- Performing Test CMAKE_HAVE_LIBC_PTHREAD
[2.903s] -- Performing Test CMAKE_HAVE_LIBC_PTHREAD - Success
[2.904s] -- Found Threads: TRUE  
[4.428s] -- Found eigen3_cmake_module: 0.1.1 (/opt/ros/humble/share/eigen3_cmake_module/cmake)
[4.429s] -- Found Eigen3: TRUE (found version "3.4.0") 
[4.429s] -- Ensuring Eigen3 include directory is part of orocos-kdl CMake target
[4.672s] -- Found ament_lint_auto: 0.12.6 (/opt/ros/humble/share/ament_lint_auto/cmake)
[4.689s] -- Added test 'cppcheck' to perform static code analysis on C / C++ code
[4.689s] -- Configured cppcheck include dirs: /home/ghlins/new_tracker/src/rm_auto_aim/new_tracker/include
[4.689s] -- Configured cppcheck exclude dirs and/or files: 
[4.689s] -- Added test 'flake8' to check Python code syntax and style conventions
[4.690s] -- Added test 'lint_cmake' to check CMake code style
[4.691s] -- Added test 'pep257' to check Python code against some of the docstring style conventions in PEP 257
[4.692s] -- Added test 'xmllint' to check XML markup files
[4.694s] -- Added test 'clang_format' to check C / C++ code style
[4.696s] -- Configuring done
[4.712s] -- Generating done
[4.713s] -- Build files have been written to: /home/ghlins/new_tracker/build/new_armor_tracker
[4.724s] Invoked command in '/home/ghlins/new_tracker/build/new_armor_tracker' returned '0': AMENT_PREFIX_PATH=/home/ghlins/new_tracker/install/auto_aim_interfaces:${AMENT_PREFIX_PATH} CMAKE_PREFIX_PATH=/home/ghlins/new_tracker/install/auto_aim_interfaces:/opt/ros/humble LD_LIBRARY_PATH=/home/ghlins/new_tracker/install/auto_aim_interfaces/lib:${LD_LIBRARY_PATH} PYTHONPATH=/home/ghlins/new_tracker/install/auto_aim_interfaces/local/lib/python3.10/dist-packages:${PYTHONPATH} /usr/bin/cmake /home/ghlins/new_tracker/src/rm_auto_aim/new_tracker -DCMAKE_INSTALL_PREFIX=/home/ghlins/new_tracker/install/new_armor_tracker
[4.726s] Invoking command in '/home/ghlins/new_tracker/build/new_armor_tracker': AMENT_PREFIX_PATH=/home/ghlins/new_tracker/install/auto_aim_interfaces:${AMENT_PREFIX_PATH} CMAKE_PREFIX_PATH=/home/ghlins/new_tracker/install/auto_aim_interfaces:/opt/ros/humble LD_LIBRARY_PATH=/home/ghlins/new_tracker/install/auto_aim_interfaces/lib:${LD_LIBRARY_PATH} PYTHONPATH=/home/ghlins/new_tracker/install/auto_aim_interfaces/local/lib/python3.10/dist-packages:${PYTHONPATH} /usr/bin/cmake --build /home/ghlins/new_tracker/build/new_armor_tracker -- -j20 -l20
[4.754s] [ 25%] [32mBuilding CXX object CMakeFiles/new_armor_tracker_node.dir/rclcpp_components/node_main_new_armor_tracker_node.cpp.o[0m
[4.755s] [ 50%] [32mBuilding CXX object CMakeFiles/new_armor_tracker.dir/src/new_tracker_node.cpp.o[0m
[6.858s] In file included from [01m[K/home/ghlins/new_tracker/src/rm_auto_aim/new_tracker/src/new_tracker_node.cpp:1[m[K:
[6.858s] [01m[K/home/ghlins/new_tracker/src/rm_auto_aim/new_tracker/include/new_tracker/new_tracker_node.hpp:40:56:[m[K [01;31m[Kerror: [m[Kexpected identifier before â€˜[01m[Kfloat[m[Kâ€™
[6.859s]    40 |   DeflectionAngle NewTrackerNode::CalculateAngles(std::[01;31m[Kfloat[m[K x, std::float y, std::float z);
[6.859s]       |                                                        [01;31m[K^~~~~[m[K
[6.859s] [01m[K/home/ghlins/new_tracker/src/rm_auto_aim/new_tracker/include/new_tracker/new_tracker_node.hpp:40:51:[m[K [01;31m[Kerror: [m[Ktwo or more data types in declaration of â€˜[01m[Kx[m[Kâ€™
[6.859s]    40 |   DeflectionAngle NewTrackerNode::CalculateAngles([01;31m[Kstd[m[K::float x, std::float y, std::float z);
[6.859s]       |                                                   [01;31m[K^~~[m[K
[6.859s] [01m[K/home/ghlins/new_tracker/src/rm_auto_aim/new_tracker/include/new_tracker/new_tracker_node.hpp:40:63:[m[K [01;31m[Kerror: [m[Kexpected â€˜[01m[K)[m[Kâ€™ before â€˜[01m[K,[m[Kâ€™ token
[6.859s]    40 |   DeflectionAngle NewTrackerNode::CalculateAngles[34m[K([m[Kstd::float x[01;31m[K,[m[K std::float y, std::float z);
[6.859s]       |                                                  [34m[K~[m[K            [01;31m[K^[m[K
[6.859s]       |                                                               [32m[K)[m[K
[6.859s] [01m[K/home/ghlins/new_tracker/src/rm_auto_aim/new_tracker/include/new_tracker/new_tracker_node.hpp:40:19:[m[K [01;31m[Kerror: [m[Kextra qualification â€˜[01m[Krm_auto_aim::NewTrackerNode::[m[Kâ€™ on member â€˜[01m[KCalculateAngles[m[Kâ€™ [[01;31m[K]8;;https://gcc.gnu.org/onlinedocs/gcc/Warning-Options.html#index-fpermissive-fpermissive]8;;[m[K]
[6.859s]    40 |   DeflectionAngle [01;31m[KNewTrackerNode[m[K::CalculateAngles(std::float x, std::float y, std::float z);
[6.859s]       |                   [01;31m[K^~~~~~~~~~~~~~[m[K
[6.859s] [01m[K/home/ghlins/new_tracker/src/rm_auto_aim/new_tracker/include/new_tracker/new_tracker_node.hpp:40:70:[m[K [01;31m[Kerror: [m[Kexpected unqualified-id before â€˜[01m[Kfloat[m[Kâ€™
[6.859s]    40 |   DeflectionAngle NewTrackerNode::CalculateAngles(std::float x, std::[01;31m[Kfloat[m[K y, std::float z);
[6.860s]       |                                                                      [01;31m[K^~~~~[m[K
[6.890s] [01m[K/home/ghlins/new_tracker/src/rm_auto_aim/new_tracker/src/new_tracker_node.cpp:[m[K In constructor â€˜[01m[Krm_auto_aim::NewTrackerNode::NewTrackerNode(const rclcpp::NodeOptions&)[m[Kâ€™:
[6.890s] [01m[K/home/ghlins/new_tracker/src/rm_auto_aim/new_tracker/src/new_tracker_node.cpp:19:40:[m[K [01;31m[Kerror: [m[Kâ€˜[01m[KNewTracker[m[Kâ€™ has not been declared
[6.890s]    19 |     "/detector/armors", 10, std::bind(&[01;31m[KNewTracker[m[K::ArmorCallback, this, std::placeholders::_1));
[6.890s]       |                                        [01;31m[K^~~~~~~~~~[m[K
[6.893s] [01m[K/home/ghlins/new_tracker/src/rm_auto_aim/new_tracker/src/new_tracker_node.cpp:[m[K In member function â€˜[01m[Kvoid rm_auto_aim::NewTrackerNode::ArmorsCallback(auto_aim_interfaces::msg::Armors_<std::allocator<void> >::SharedPtr)[m[Kâ€™:
[6.893s] [01m[K/home/ghlins/new_tracker/src/rm_auto_aim/new_tracker/src/new_tracker_node.cpp:31:64:[m[K [01;31m[Kerror: [m[Kno matching function for call to â€˜[01m[Krm_auto_aim::NewTrackerNode::calculate_kalman_filter(geometry_msgs::msg::Point_<std::allocator<void> >::_x_type&, geometry_msgs::msg::Point_<std::allocator<void> >::_y_type&, geometry_msgs::msg::Point_<std::allocator<void> >::_z_type&)[m[Kâ€™
[6.893s]    31 |   CenterCoordinates prediction_center = [01;31m[Kcalculate_kalman_filter([m[K
[6.893s]       |                                         [01;31m[K~~~~~~~~~~~~~~~~~~~~~~~^[m[K
[6.893s]    32 | [01;31m[K    nearest.pose.position.x , nearest.pose.position.y , nearest.pose.position.z)[m[K;
[6.893s]       |     [01;31m[K~~~~~~~~~~~~~~~~~~~~~~~~~~~~~~~~~~~~~~~~~~~~~~~~~~~~~~~~~~~~~~~~~~~~~~~~~~~~[m[K
[6.893s] In file included from [01m[K/home/ghlins/new_tracker/src/rm_auto_aim/new_tracker/src/new_tracker_node.cpp:1[m[K:
[6.894s] [01m[K/home/ghlins/new_tracker/src/rm_auto_aim/new_tracker/include/new_tracker/new_tracker_node.hpp:38:21:[m[K [01;36m[Knote: [m[Kcandidate: â€˜[01m[Krm_auto_aim::NewTrackerNode::CenterCoordinates rm_auto_aim::NewTrackerNode::calculate_kalman_filter(auto_aim_interfaces::msg::Armor)[m[Kâ€™
[6.894s]    38 |   CenterCoordinates [01;36m[Kcalculate_kalman_filter[m[K(auto_aim_interfaces::msg::Armor armor);
[6.894s]       |                     [01;36m[K^~~~~~~~~~~~~~~~~~~~~~~[m[K
[6.894s] [01m[K/home/ghlins/new_tracker/src/rm_auto_aim/new_tracker/include/new_tracker/new_tracker_node.hpp:38:21:[m[K [01;36m[Knote: [m[K  candidate expects 1 argument, 3 provided
[6.900s] [01m[K/home/ghlins/new_tracker/src/rm_auto_aim/new_tracker/src/new_tracker_node.cpp:[m[K In member function â€˜[01m[Kauto_aim_interfaces::msg::Armor rm_auto_aim::NewTrackerNode::FindNearestArmor(const SharedPtr&)[m[Kâ€™:
[6.900s] [01m[K/home/ghlins/new_tracker/src/rm_auto_aim/new_tracker/src/new_tracker_node.cpp:49:3:[m[K [01;31m[Kerror: [m[Kâ€˜[01m[Ktracked_armor[m[Kâ€™ was not declared in this scope
[6.900s]    49 |   [01;31m[Ktracked_armor[m[K = armors_msg->armors[0];
[6.900s]       |   [01;31m[K^~~~~~~~~~~~~[m[K
[6.904s] [01m[K/home/ghlins/new_tracker/src/rm_auto_aim/new_tracker/src/new_tracker_node.cpp:49:19:[m[K [01;31m[Kerror: [m[Kâ€˜[01m[Karmors_msg[m[Kâ€™ was not declared in this scope; did you mean â€˜[01m[Karmors[m[Kâ€™?
[6.904s]    49 |   tracked_armor = [01;31m[Karmors_msg[m[K->armors[0];
[6.904s]       |                   [01;31m[K^~~~~~~~~~[m[K
[6.905s]       |                   [32m[Karmors[m[K
[6.907s] [01m[K/home/ghlins/new_tracker/src/rm_auto_aim/new_tracker/src/new_tracker_node.cpp:[m[K At global scope:
[6.907s] [01m[K/home/ghlins/new_tracker/src/rm_auto_aim/new_tracker/src/new_tracker_node.cpp:59:1:[m[K [01;31m[Kerror: [m[Kâ€˜[01m[KCenterCoordinates[m[Kâ€™ does not name a type
[6.907s]    59 | [01;31m[KCenterCoordinates[m[K NewTrackerNode::calculate_kalman_filter(std::float x, std::float y, std::float z)
[6.907s]       | [01;31m[K^~~~~~~~~~~~~~~~~[m[K
[6.908s] [01m[K/home/ghlins/new_tracker/src/rm_auto_aim/new_tracker/src/new_tracker_node.cpp:71:1:[m[K [01;31m[Kerror: [m[Kâ€˜[01m[KDeflectionAngle[m[Kâ€™ does not name a type
[6.909s]    71 | [01;31m[KDeflectionAngle[m[K NewTrackerNode::CalculateAngles(std::float x, std::float y, std::float z)
[6.909s]       | [01;31m[K^~~~~~~~~~~~~~~[m[K
[7.481s] [ 75%] [32m[1mLinking CXX executable new_armor_tracker_node[0m
[7.610s] gmake[2]: *** [CMakeFiles/new_armor_tracker.dir/build.make:76: CMakeFiles/new_armor_tracker.dir/src/new_tracker_node.cpp.o] Error 1
[7.610s] gmake[1]: *** [CMakeFiles/Makefile2:139: CMakeFiles/new_armor_tracker.dir/all] Error 2
[7.610s] gmake[1]: *** Waiting for unfinished jobs....
[7.632s] [ 75%] Built target new_armor_tracker_node
[7.633s] gmake: *** [Makefile:146: all] Error 2
[7.635s] Invoked command in '/home/ghlins/new_tracker/build/new_armor_tracker' returned '2': AMENT_PREFIX_PATH=/home/ghlins/new_tracker/install/auto_aim_interfaces:${AMENT_PREFIX_PATH} CMAKE_PREFIX_PATH=/home/ghlins/new_tracker/install/auto_aim_interfaces:/opt/ros/humble LD_LIBRARY_PATH=/home/ghlins/new_tracker/install/auto_aim_interfaces/lib:${LD_LIBRARY_PATH} PYTHONPATH=/home/ghlins/new_tracker/install/auto_aim_interfaces/local/lib/python3.10/dist-packages:${PYTHONPATH} /usr/bin/cmake --build /home/ghlins/new_tracker/build/new_armor_tracker -- -j20 -l20
