[0.010s] Invoking command in '/home/ghlins/new_tracker/build/my_ros2_opencv_pkg': CMAKE_PREFIX_PATH=/opt/ros/humble /usr/bin/cmake /home/ghlins/new_tracker/src/my_ros2_opencv_pkg -DCMAKE_INSTALL_PREFIX=/home/ghlins/new_tracker/install/my_ros2_opencv_pkg
[0.108s] -- The C compiler identification is GNU 11.4.0
[0.474s] -- The CXX compiler identification is GNU 11.4.0
[0.756s] -- Detecting C compiler ABI info
[0.856s] -- Detecting C compiler ABI info - done
[0.861s] -- Check for working C compiler: /usr/bin/cc - skipped
[0.861s] -- Detecting C compile features
[0.861s] -- Detecting C compile features - done
[0.863s] -- Detecting CXX compiler ABI info
[0.976s] -- Detecting CXX compiler ABI info - done
[0.981s] -- Check for working CXX compiler: /usr/bin/c++ - skipped
[0.981s] -- Detecting CXX compile features
[0.981s] -- Detecting CXX compile features - done
[0.983s] -- Found ament_cmake: 1.3.5 (/opt/ros/humble/share/ament_cmake/cmake)
[1.087s] -- Found Python3: /usr/bin/python3.10 (found version "3.10.12") found components: Interpreter 
[1.140s] -- Found rclcpp: 16.0.4 (/opt/ros/humble/share/rclcpp/cmake)
[1.233s] -- Found rosidl_generator_c: 3.1.4 (/opt/ros/humble/share/rosidl_generator_c/cmake)
[1.236s] -- Found rosidl_adapter: 3.1.4 (/opt/ros/humble/share/rosidl_adapter/cmake)
[1.241s] -- Found rosidl_generator_cpp: 3.1.4 (/opt/ros/humble/share/rosidl_generator_cpp/cmake)
[1.249s] -- Using all available rosidl_typesupport_c: rosidl_typesupport_fastrtps_c;rosidl_typesupport_introspection_c
[1.260s] -- Using all available rosidl_typesupport_cpp: rosidl_typesupport_fastrtps_cpp;rosidl_typesupport_introspection_cpp
[1.303s] -- Found rmw_implementation_cmake: 6.1.1 (/opt/ros/humble/share/rmw_implementation_cmake/cmake)
[1.305s] -- Found rmw_fastrtps_cpp: 6.2.2 (/opt/ros/humble/share/rmw_fastrtps_cpp/cmake)
[2.871s] -- Found OpenSSL: /usr/lib/x86_64-linux-gnu/libcrypto.so (found version "3.0.2")  
[5.078s] -- Found FastRTPS: /opt/ros/humble/include  
[8.252s] -- Using RMW implementation 'rmw_fastrtps_cpp' as default
[8.259s] -- Looking for pthread.h
[8.422s] -- Looking for pthread.h - found
[8.422s] -- Performing Test CMAKE_HAVE_LIBC_PTHREAD
[8.590s] -- Performing Test CMAKE_HAVE_LIBC_PTHREAD - Success
[8.591s] -- Found Threads: TRUE  
[8.704s] -- Found OpenCV: /usr (found version "4.5.4") 
[8.705s] -- Found sensor_msgs: 4.2.3 (/opt/ros/humble/share/sensor_msgs/cmake)
[8.792s] -- Found cv_bridge: 3.2.1 (/opt/ros/humble/share/cv_bridge/cmake)
[8.799s] -- Found image_transport: 3.1.5 (/opt/ros/humble/share/image_transport/cmake)
[9.457s] -- Found ament_lint_auto: 0.12.6 (/opt/ros/humble/share/ament_lint_auto/cmake)
[9.520s] -- Added test 'cppcheck' to perform static code analysis on C / C++ code
[9.520s] -- Configured cppcheck include dirs: $<BUILD_INTERFACE:/home/ghlins/new_tracker/src/my_ros2_opencv_pkg/include>
[9.520s] -- Configured cppcheck exclude dirs and/or files: 
[9.520s] -- Added test 'lint_cmake' to check CMake code style
[9.521s] -- Added test 'uncrustify' to check C / C++ code style
[9.521s] -- Configured uncrustify additional arguments: 
[9.522s] -- Added test 'xmllint' to check XML markup files
[9.523s] -- Configuring done
[9.539s] -- Generating done
[9.541s] -- Build files have been written to: /home/ghlins/new_tracker/build/my_ros2_opencv_pkg
[9.560s] Invoked command in '/home/ghlins/new_tracker/build/my_ros2_opencv_pkg' returned '0': CMAKE_PREFIX_PATH=/opt/ros/humble /usr/bin/cmake /home/ghlins/new_tracker/src/my_ros2_opencv_pkg -DCMAKE_INSTALL_PREFIX=/home/ghlins/new_tracker/install/my_ros2_opencv_pkg
[9.561s] Invoking command in '/home/ghlins/new_tracker/build/my_ros2_opencv_pkg': CMAKE_PREFIX_PATH=/opt/ros/humble /usr/bin/cmake --build /home/ghlins/new_tracker/build/my_ros2_opencv_pkg -- -j20 -l20
[9.598s] [ 50%] [32mBuilding CXX object CMakeFiles/my_video_publisher.dir/src/my_video_publisher.cpp.o[0m
[12.140s] [01m[K/home/ghlins/new_tracker/src/my_ros2_opencv_pkg/src/my_video_publisher.cpp:16:5:[m[K [01;31m[Kerror: [m[Kâ€˜[01m[Kcam_info_pub_[m[Kâ€™ does not name a type
[12.140s]    16 |     [01;31m[Kcam_info_pub_[m[K = this->create_publisher<sensor_msgs::msg::CameraInfo>("/camera_info", rclcpp::SensorDataQoS());
[12.140s]       |     [01;31m[K^~~~~~~~~~~~~[m[K
[12.165s] [01m[K/home/ghlins/new_tracker/src/my_ros2_opencv_pkg/src/my_video_publisher.cpp:[m[K In function â€˜[01m[Kint main(int, char**)[m[Kâ€™:
[12.165s] [01m[K/home/ghlins/new_tracker/src/my_ros2_opencv_pkg/src/my_video_publisher.cpp:62:5:[m[K [01;31m[Kerror: [m[Kâ€˜[01m[Kcam_info_pub_[m[Kâ€™ was not declared in this scope; did you mean â€˜[01m[Kcam_info_msg[m[Kâ€™?
[12.165s]    62 |     [01;31m[Kcam_info_pub_[m[K->publish(cam_info_msg);
[12.165s]       |     [01;31m[K^~~~~~~~~~~~~[m[K
[12.165s]       |     [32m[Kcam_info_msg[m[K
[13.249s] gmake[2]: *** [CMakeFiles/my_video_publisher.dir/build.make:76: CMakeFiles/my_video_publisher.dir/src/my_video_publisher.cpp.o] Error 1
[13.250s] gmake[1]: *** [CMakeFiles/Makefile2:137: CMakeFiles/my_video_publisher.dir/all] Error 2
[13.250s] gmake: *** [Makefile:146: all] Error 2
[13.252s] Invoked command in '/home/ghlins/new_tracker/build/my_ros2_opencv_pkg' returned '2': CMAKE_PREFIX_PATH=/opt/ros/humble /usr/bin/cmake --build /home/ghlins/new_tracker/build/my_ros2_opencv_pkg -- -j20 -l20
