[0.057s] Invoking command in '/home/ghlins/new_tracker/build/armor_detector': AMENT_PREFIX_PATH=/home/ghlins/new_tracker/install/auto_aim_interfaces:${AMENT_PREFIX_PATH} CMAKE_PREFIX_PATH=/home/ghlins/new_tracker/install/auto_aim_interfaces:/opt/ros/humble LD_LIBRARY_PATH=/home/ghlins/new_tracker/install/auto_aim_interfaces/lib:${LD_LIBRARY_PATH} PYTHONPATH=/home/ghlins/new_tracker/install/auto_aim_interfaces/local/lib/python3.10/dist-packages:${PYTHONPATH} /usr/bin/cmake /home/ghlins/new_tracker/src/rm_auto_aim/armor_detector -DCMAKE_INSTALL_PREFIX=/home/ghlins/new_tracker/install/armor_detector
[0.130s] -- The C compiler identification is GNU 11.4.0
[0.535s] -- The CXX compiler identification is GNU 11.4.0
[0.796s] -- Detecting C compiler ABI info
[0.880s] -- Detecting C compiler ABI info - done
[0.886s] -- Check for working C compiler: /usr/bin/cc - skipped
[0.886s] -- Detecting C compile features
[0.886s] -- Detecting C compile features - done
[0.888s] -- Detecting CXX compiler ABI info
[0.990s] -- Detecting CXX compiler ABI info - done
[0.996s] -- Check for working CXX compiler: /usr/bin/c++ - skipped
[0.996s] -- Detecting CXX compile features
[0.996s] -- Detecting CXX compile features - done
[0.997s] -- Found ament_cmake_auto: 1.3.5 (/opt/ros/humble/share/ament_cmake_auto/cmake)
[1.116s] -- Found Python3: /usr/bin/python3.10 (found version "3.10.12") found components: Interpreter 
[1.176s] -- Found OpenCV: /usr (found version "4.5.4") 
[1.349s] -- Found rosidl_generator_c: 3.1.4 (/opt/ros/humble/share/rosidl_generator_c/cmake)
[1.352s] -- Found rosidl_adapter: 3.1.4 (/opt/ros/humble/share/rosidl_adapter/cmake)
[1.357s] -- Found rosidl_generator_cpp: 3.1.4 (/opt/ros/humble/share/rosidl_generator_cpp/cmake)
[1.366s] -- Using all available rosidl_typesupport_c: rosidl_typesupport_fastrtps_c;rosidl_typesupport_introspection_c
[1.378s] -- Using all available rosidl_typesupport_cpp: rosidl_typesupport_fastrtps_cpp;rosidl_typesupport_introspection_cpp
[1.424s] -- Found rmw_implementation_cmake: 6.1.1 (/opt/ros/humble/share/rmw_implementation_cmake/cmake)
[1.426s] -- Found rmw_fastrtps_cpp: 6.2.2 (/opt/ros/humble/share/rmw_fastrtps_cpp/cmake)
[1.897s] -- Found OpenSSL: /usr/lib/x86_64-linux-gnu/libcrypto.so (found version "3.0.2")  
[2.337s] -- Found FastRTPS: /opt/ros/humble/include  
[3.095s] -- Using RMW implementation 'rmw_fastrtps_cpp' as default
[3.101s] -- Looking for pthread.h
[3.184s] -- Looking for pthread.h - found
[3.185s] -- Performing Test CMAKE_HAVE_LIBC_PTHREAD
[3.267s] -- Performing Test CMAKE_HAVE_LIBC_PTHREAD - Success
[3.267s] -- Found Threads: TRUE  
[4.793s] -- Found eigen3_cmake_module: 0.1.1 (/opt/ros/humble/share/eigen3_cmake_module/cmake)
[4.794s] -- Found Eigen3: TRUE (found version "3.4.0") 
[4.794s] -- Ensuring Eigen3 include directory is part of orocos-kdl CMake target
[4.988s] -- Found ament_lint_auto: 0.12.6 (/opt/ros/humble/share/ament_lint_auto/cmake)
[5.000s] -- Found ament_cmake_gtest: 1.3.5 (/opt/ros/humble/share/ament_cmake_gtest/cmake)
[5.001s] -- Found gtest sources under '/opt/ros/humble/src/gtest_vendor': C++ tests using 'Google Test' will be built
[5.009s] -- Added test 'cppcheck' to perform static code analysis on C / C++ code
[5.009s] -- Configured cppcheck include dirs: /home/ghlins/new_tracker/src/rm_auto_aim/armor_detector/include
[5.009s] -- Configured cppcheck exclude dirs and/or files: 
[5.010s] -- Added test 'lint_cmake' to check CMake code style
[5.010s] -- Added test 'xmllint' to check XML markup files
[5.011s] -- Added test 'clang_format' to check C / C++ code style
[5.012s] -- Configuring done
[5.037s] -- Generating done
[5.038s] -- Build files have been written to: /home/ghlins/new_tracker/build/armor_detector
[5.049s] Invoked command in '/home/ghlins/new_tracker/build/armor_detector' returned '0': AMENT_PREFIX_PATH=/home/ghlins/new_tracker/install/auto_aim_interfaces:${AMENT_PREFIX_PATH} CMAKE_PREFIX_PATH=/home/ghlins/new_tracker/install/auto_aim_interfaces:/opt/ros/humble LD_LIBRARY_PATH=/home/ghlins/new_tracker/install/auto_aim_interfaces/lib:${LD_LIBRARY_PATH} PYTHONPATH=/home/ghlins/new_tracker/install/auto_aim_interfaces/local/lib/python3.10/dist-packages:${PYTHONPATH} /usr/bin/cmake /home/ghlins/new_tracker/src/rm_auto_aim/armor_detector -DCMAKE_INSTALL_PREFIX=/home/ghlins/new_tracker/install/armor_detector
[5.050s] Invoking command in '/home/ghlins/new_tracker/build/armor_detector': AMENT_PREFIX_PATH=/home/ghlins/new_tracker/install/auto_aim_interfaces:${AMENT_PREFIX_PATH} CMAKE_PREFIX_PATH=/home/ghlins/new_tracker/install/auto_aim_interfaces:/opt/ros/humble LD_LIBRARY_PATH=/home/ghlins/new_tracker/install/auto_aim_interfaces/lib:${LD_LIBRARY_PATH} PYTHONPATH=/home/ghlins/new_tracker/install/auto_aim_interfaces/local/lib/python3.10/dist-packages:${PYTHONPATH} /usr/bin/cmake --build /home/ghlins/new_tracker/build/armor_detector -- -j20 -l20
[5.085s] [ 13%] [32mBuilding CXX object gtest/CMakeFiles/gtest_main.dir/src/gtest_main.cc.o[0m
[5.085s] [ 13%] [32mBuilding CXX object CMakeFiles/armor_detector_node.dir/rclcpp_components/node_main_armor_detector_node.cpp.o[0m
[5.085s] [ 20%] [32mBuilding CXX object CMakeFiles/armor_detector.dir/src/pnp_solver.cpp.o[0m
[5.086s] [ 26%] [32mBuilding CXX object CMakeFiles/armor_detector.dir/src/detector_node.cpp.o[0m
[5.086s] [ 33%] [32mBuilding CXX object CMakeFiles/armor_detector.dir/src/number_classifier.cpp.o[0m
[5.086s] [ 40%] [32mBuilding CXX object CMakeFiles/armor_detector.dir/src/detector.cpp.o[0m
[5.087s] [ 46%] [32mBuilding CXX object gtest/CMakeFiles/gtest.dir/src/gtest-all.cc.o[0m
[5.656s] [ 53%] [32m[1mLinking CXX static library libgtest_main.a[0m
[5.682s] [ 53%] Built target gtest_main
[7.594s] [ 60%] [32m[1mLinking CXX static library libgtest.a[0m
[7.632s] [ 60%] Built target gtest
[8.094s] [ 66%] [32m[1mLinking CXX executable armor_detector_node[0m
[8.228s] [ 66%] Built target armor_detector_node
[9.168s] [01m[K/home/ghlins/new_tracker/src/rm_auto_aim/armor_detector/src/detector_node.cpp:[m[K In member function â€˜[01m[Kvoid rm_auto_aim::ArmorDetectorNode::imageCallback(sensor_msgs::msg::Image_<std::allocator<void> >::ConstSharedPtr)[m[Kâ€™:
[9.168s] [01m[K/home/ghlins/new_tracker/src/rm_auto_aim/armor_detector/src/detector_node.cpp:156:36:[m[K [01;31m[Kerror: [m[Kno match for â€˜[01m[Koperator[][m[Kâ€™ (operand types are â€˜[01m[Kauto_aim_interfaces::msg::Armors[m[Kâ€™ {aka â€˜[01m[Kauto_aim_interfaces::msg::Armors_<std::allocator<void> >[m[Kâ€™} and â€˜[01m[Kint[m[Kâ€™)
[9.168s]   156 |     double my_armor_x = armors_msg_[01;31m[K[[m[K0].pose.position.x;
[9.168s]       |                                    [01;31m[K^[m[K
[9.168s] [01m[K/home/ghlins/new_tracker/src/rm_auto_aim/armor_detector/src/detector_node.cpp:157:36:[m[K [01;31m[Kerror: [m[Kno match for â€˜[01m[Koperator[][m[Kâ€™ (operand types are â€˜[01m[Kauto_aim_interfaces::msg::Armors[m[Kâ€™ {aka â€˜[01m[Kauto_aim_interfaces::msg::Armors_<std::allocator<void> >[m[Kâ€™} and â€˜[01m[Kint[m[Kâ€™)
[9.168s]   157 |     double my_armor_y = armors_msg_[01;31m[K[[m[K0].pose.position.y;
[9.168s]       |                                    [01;31m[K^[m[K
[9.168s] [01m[K/home/ghlins/new_tracker/src/rm_auto_aim/armor_detector/src/detector_node.cpp:158:36:[m[K [01;31m[Kerror: [m[Kno match for â€˜[01m[Koperator[][m[Kâ€™ (operand types are â€˜[01m[Kauto_aim_interfaces::msg::Armors[m[Kâ€™ {aka â€˜[01m[Kauto_aim_interfaces::msg::Armors_<std::allocator<void> >[m[Kâ€™} and â€˜[01m[Kint[m[Kâ€™)
[9.168s]   158 |     double my_armor_z = armors_msg_[01;31m[K[[m[K0].pose.position.z;
[9.168s]       |                                    [01;31m[K^[m[K
[13.679s] gmake[2]: *** [CMakeFiles/armor_detector.dir/build.make:90: CMakeFiles/armor_detector.dir/src/detector_node.cpp.o] Error 1
[13.679s] gmake[1]: *** [CMakeFiles/Makefile2:161: CMakeFiles/armor_detector.dir/all] Error 2
[13.679s] gmake: *** [Makefile:146: all] Error 2
[13.681s] Invoked command in '/home/ghlins/new_tracker/build/armor_detector' returned '2': AMENT_PREFIX_PATH=/home/ghlins/new_tracker/install/auto_aim_interfaces:${AMENT_PREFIX_PATH} CMAKE_PREFIX_PATH=/home/ghlins/new_tracker/install/auto_aim_interfaces:/opt/ros/humble LD_LIBRARY_PATH=/home/ghlins/new_tracker/install/auto_aim_interfaces/lib:${LD_LIBRARY_PATH} PYTHONPATH=/home/ghlins/new_tracker/install/auto_aim_interfaces/local/lib/python3.10/dist-packages:${PYTHONPATH} /usr/bin/cmake --build /home/ghlins/new_tracker/build/armor_detector -- -j20 -l20
