[01m[K/home/ghlins/new_tracker/src/rm_auto_aim/new_tracker/src/new_tracker_node.cpp:[m[K In member function â€˜[01m[Kvoid rm_auto_aim::NewTrackerNode::CalculateKalmanFilter(double, double, double)[m[Kâ€™:
[01m[K/home/ghlins/new_tracker/src/rm_auto_aim/new_tracker/src/new_tracker_node.cpp:80:36:[m[K [01;31m[Kerror: [m[Kâ€˜[01m[Kcv::Point3f[m[Kâ€™ {aka â€˜[01m[Kclass cv::Point3_<float>[m[Kâ€™} has no member named â€˜[01m[Kat[m[Kâ€™
   80 |     prediction_center.x=predict_pt.[01;31m[Kat[m[K<float>(0);
      |                                    [01;31m[K^~[m[K
[01m[K/home/ghlins/new_tracker/src/rm_auto_aim/new_tracker/src/new_tracker_node.cpp:80:39:[m[K [01;31m[Kerror: [m[Kexpected primary-expression before â€˜[01m[Kfloat[m[Kâ€™
   80 |     prediction_center.x=predict_pt.at<[01;31m[Kfloat[m[K>(0);
      |                                       [01;31m[K^~~~~[m[K
[01m[K/home/ghlins/new_tracker/src/rm_auto_aim/new_tracker/src/new_tracker_node.cpp:81:36:[m[K [01;31m[Kerror: [m[Kâ€˜[01m[Kcv::Point3f[m[Kâ€™ {aka â€˜[01m[Kclass cv::Point3_<float>[m[Kâ€™} has no member named â€˜[01m[Kat[m[Kâ€™
   81 |     prediction_center.x=predict_pt.[01;31m[Kat[m[K<float>(1);
      |                                    [01;31m[K^~[m[K
[01m[K/home/ghlins/new_tracker/src/rm_auto_aim/new_tracker/src/new_tracker_node.cpp:81:39:[m[K [01;31m[Kerror: [m[Kexpected primary-expression before â€˜[01m[Kfloat[m[Kâ€™
   81 |     prediction_center.x=predict_pt.at<[01;31m[Kfloat[m[K>(1);
      |                                       [01;31m[K^~~~~[m[K
[01m[K/home/ghlins/new_tracker/src/rm_auto_aim/new_tracker/src/new_tracker_node.cpp:82:36:[m[K [01;31m[Kerror: [m[Kâ€˜[01m[Kcv::Point3f[m[Kâ€™ {aka â€˜[01m[Kclass cv::Point3_<float>[m[Kâ€™} has no member named â€˜[01m[Kat[m[Kâ€™
   82 |     prediction_center.x=predict_pt.[01;31m[Kat[m[K<float>(2);
      |                                    [01;31m[K^~[m[K
[01m[K/home/ghlins/new_tracker/src/rm_auto_aim/new_tracker/src/new_tracker_node.cpp:82:39:[m[K [01;31m[Kerror: [m[Kexpected primary-expression before â€˜[01m[Kfloat[m[Kâ€™
   82 |     prediction_center.x=predict_pt.at<[01;31m[Kfloat[m[K>(2);
      |                                       [01;31m[K^~~~~[m[K
gmake[2]: *** [CMakeFiles/new_armor_tracker.dir/build.make:76: CMakeFiles/new_armor_tracker.dir/src/new_tracker_node.cpp.o] Error 1
gmake[1]: *** [CMakeFiles/Makefile2:139: CMakeFiles/new_armor_tracker.dir/all] Error 2
gmake: *** [Makefile:146: all] Error 2
