[0.079s] Invoking command in '/home/ghlins/new_tracker/build/new_armor_tracker': AMENT_PREFIX_PATH=/home/ghlins/new_tracker/install/auto_aim_interfaces:${AMENT_PREFIX_PATH} CMAKE_PREFIX_PATH=/home/ghlins/new_tracker/install/auto_aim_interfaces:/opt/ros/humble LD_LIBRARY_PATH=/home/ghlins/new_tracker/install/auto_aim_interfaces/lib:${LD_LIBRARY_PATH} PYTHONPATH=/home/ghlins/new_tracker/install/auto_aim_interfaces/local/lib/python3.10/dist-packages:${PYTHONPATH} /usr/bin/cmake /home/ghlins/new_tracker/src/rm_auto_aim/new_tracker -DCMAKE_INSTALL_PREFIX=/home/ghlins/new_tracker/install/new_armor_tracker
[0.171s] -- The C compiler identification is GNU 11.4.0
[0.558s] -- The CXX compiler identification is GNU 11.4.0
[0.844s] -- Detecting C compiler ABI info
[0.944s] -- Detecting C compiler ABI info - done
[0.949s] -- Check for working C compiler: /usr/bin/cc - skipped
[0.949s] -- Detecting C compile features
[0.949s] -- Detecting C compile features - done
[0.951s] -- Detecting CXX compiler ABI info
[1.072s] -- Detecting CXX compiler ABI info - done
[1.077s] -- Check for working CXX compiler: /usr/bin/c++ - skipped
[1.078s] -- Detecting CXX compile features
[1.078s] -- Detecting CXX compile features - done
[1.080s] -- Found ament_cmake_auto: 1.3.5 (/opt/ros/humble/share/ament_cmake_auto/cmake)
[1.191s] -- Found Python3: /usr/bin/python3.10 (found version "3.10.12") found components: Interpreter 
[1.251s] -- Found OpenCV: /usr (found version "4.5.4") 
[1.406s] -- Found rosidl_generator_c: 3.1.4 (/opt/ros/humble/share/rosidl_generator_c/cmake)
[1.409s] -- Found rosidl_adapter: 3.1.4 (/opt/ros/humble/share/rosidl_adapter/cmake)
[1.415s] -- Found rosidl_generator_cpp: 3.1.4 (/opt/ros/humble/share/rosidl_generator_cpp/cmake)
[1.423s] -- Using all available rosidl_typesupport_c: rosidl_typesupport_fastrtps_c;rosidl_typesupport_introspection_c
[1.436s] -- Using all available rosidl_typesupport_cpp: rosidl_typesupport_fastrtps_cpp;rosidl_typesupport_introspection_cpp
[1.481s] -- Found rmw_implementation_cmake: 6.1.1 (/opt/ros/humble/share/rmw_implementation_cmake/cmake)
[1.482s] -- Found rmw_fastrtps_cpp: 6.2.2 (/opt/ros/humble/share/rmw_fastrtps_cpp/cmake)
[2.043s] -- Found OpenSSL: /usr/lib/x86_64-linux-gnu/libcrypto.so (found version "3.0.2")  
[2.715s] -- Found FastRTPS: /opt/ros/humble/include  
[5.710s] -- Using RMW implementation 'rmw_fastrtps_cpp' as default
[5.716s] -- Looking for pthread.h
[5.839s] -- Looking for pthread.h - found
[5.839s] -- Performing Test CMAKE_HAVE_LIBC_PTHREAD
[5.976s] -- Performing Test CMAKE_HAVE_LIBC_PTHREAD - Success
[5.977s] -- Found Threads: TRUE  
[8.102s] -- Found eigen3_cmake_module: 0.1.1 (/opt/ros/humble/share/eigen3_cmake_module/cmake)
[8.103s] -- Found Eigen3: TRUE (found version "3.4.0") 
[8.104s] -- Ensuring Eigen3 include directory is part of orocos-kdl CMake target
[8.396s] -- Found ament_lint_auto: 0.12.6 (/opt/ros/humble/share/ament_lint_auto/cmake)
[8.413s] -- Added test 'cppcheck' to perform static code analysis on C / C++ code
[8.413s] -- Configured cppcheck include dirs: /home/ghlins/new_tracker/src/rm_auto_aim/new_tracker/include
[8.413s] -- Configured cppcheck exclude dirs and/or files: 
[8.414s] -- Added test 'flake8' to check Python code syntax and style conventions
[8.414s] -- Added test 'lint_cmake' to check CMake code style
[8.415s] -- Added test 'pep257' to check Python code against some of the docstring style conventions in PEP 257
[8.415s] -- Added test 'xmllint' to check XML markup files
[8.417s] -- Added test 'clang_format' to check C / C++ code style
[8.419s] -- Configuring done
[8.437s] -- Generating done
[8.438s] -- Build files have been written to: /home/ghlins/new_tracker/build/new_armor_tracker
[8.448s] Invoked command in '/home/ghlins/new_tracker/build/new_armor_tracker' returned '0': AMENT_PREFIX_PATH=/home/ghlins/new_tracker/install/auto_aim_interfaces:${AMENT_PREFIX_PATH} CMAKE_PREFIX_PATH=/home/ghlins/new_tracker/install/auto_aim_interfaces:/opt/ros/humble LD_LIBRARY_PATH=/home/ghlins/new_tracker/install/auto_aim_interfaces/lib:${LD_LIBRARY_PATH} PYTHONPATH=/home/ghlins/new_tracker/install/auto_aim_interfaces/local/lib/python3.10/dist-packages:${PYTHONPATH} /usr/bin/cmake /home/ghlins/new_tracker/src/rm_auto_aim/new_tracker -DCMAKE_INSTALL_PREFIX=/home/ghlins/new_tracker/install/new_armor_tracker
[8.449s] Invoking command in '/home/ghlins/new_tracker/build/new_armor_tracker': AMENT_PREFIX_PATH=/home/ghlins/new_tracker/install/auto_aim_interfaces:${AMENT_PREFIX_PATH} CMAKE_PREFIX_PATH=/home/ghlins/new_tracker/install/auto_aim_interfaces:/opt/ros/humble LD_LIBRARY_PATH=/home/ghlins/new_tracker/install/auto_aim_interfaces/lib:${LD_LIBRARY_PATH} PYTHONPATH=/home/ghlins/new_tracker/install/auto_aim_interfaces/local/lib/python3.10/dist-packages:${PYTHONPATH} /usr/bin/cmake --build /home/ghlins/new_tracker/build/new_armor_tracker -- -j20 -l20
[8.482s] [ 50%] [32mBuilding CXX object CMakeFiles/new_armor_tracker.dir/src/new_tracker_node.cpp.o[0m
[8.482s] [ 50%] [32mBuilding CXX object CMakeFiles/new_armor_tracker_node.dir/rclcpp_components/node_main_new_armor_tracker_node.cpp.o[0m
[11.123s] [ 75%] [32m[1mLinking CXX executable new_armor_tracker_node[0m
[11.282s] [ 75%] Built target new_armor_tracker_node
[11.299s] [01m[K/home/ghlins/new_tracker/src/rm_auto_aim/new_tracker/src/new_tracker_node.cpp:[m[K In member function â€˜[01m[Kvoid rm_auto_aim::NewTrackerNode::CalculateKalmanFilter(double, double, double)[m[Kâ€™:
[11.299s] [01m[K/home/ghlins/new_tracker/src/rm_auto_aim/new_tracker/src/new_tracker_node.cpp:80:36:[m[K [01;31m[Kerror: [m[Kâ€˜[01m[Kcv::Point3f[m[Kâ€™ {aka â€˜[01m[Kclass cv::Point3_<float>[m[Kâ€™} has no member named â€˜[01m[Kat[m[Kâ€™
[11.299s]    80 |     prediction_center.x=predict_pt.[01;31m[Kat[m[K<float>(0);
[11.299s]       |                                    [01;31m[K^~[m[K
[11.299s] [01m[K/home/ghlins/new_tracker/src/rm_auto_aim/new_tracker/src/new_tracker_node.cpp:80:39:[m[K [01;31m[Kerror: [m[Kexpected primary-expression before â€˜[01m[Kfloat[m[Kâ€™
[11.299s]    80 |     prediction_center.x=predict_pt.at<[01;31m[Kfloat[m[K>(0);
[11.299s]       |                                       [01;31m[K^~~~~[m[K
[11.299s] [01m[K/home/ghlins/new_tracker/src/rm_auto_aim/new_tracker/src/new_tracker_node.cpp:81:36:[m[K [01;31m[Kerror: [m[Kâ€˜[01m[Kcv::Point3f[m[Kâ€™ {aka â€˜[01m[Kclass cv::Point3_<float>[m[Kâ€™} has no member named â€˜[01m[Kat[m[Kâ€™
[11.299s]    81 |     prediction_center.x=predict_pt.[01;31m[Kat[m[K<float>(1);
[11.299s]       |                                    [01;31m[K^~[m[K
[11.299s] [01m[K/home/ghlins/new_tracker/src/rm_auto_aim/new_tracker/src/new_tracker_node.cpp:81:39:[m[K [01;31m[Kerror: [m[Kexpected primary-expression before â€˜[01m[Kfloat[m[Kâ€™
[11.299s]    81 |     prediction_center.x=predict_pt.at<[01;31m[Kfloat[m[K>(1);
[11.299s]       |                                       [01;31m[K^~~~~[m[K
[11.299s] [01m[K/home/ghlins/new_tracker/src/rm_auto_aim/new_tracker/src/new_tracker_node.cpp:82:36:[m[K [01;31m[Kerror: [m[Kâ€˜[01m[Kcv::Point3f[m[Kâ€™ {aka â€˜[01m[Kclass cv::Point3_<float>[m[Kâ€™} has no member named â€˜[01m[Kat[m[Kâ€™
[11.299s]    82 |     prediction_center.x=predict_pt.[01;31m[Kat[m[K<float>(2);
[11.299s]       |                                    [01;31m[K^~[m[K
[11.299s] [01m[K/home/ghlins/new_tracker/src/rm_auto_aim/new_tracker/src/new_tracker_node.cpp:82:39:[m[K [01;31m[Kerror: [m[Kexpected primary-expression before â€˜[01m[Kfloat[m[Kâ€™
[11.299s]    82 |     prediction_center.x=predict_pt.at<[01;31m[Kfloat[m[K>(2);
[11.299s]       |                                       [01;31m[K^~~~~[m[K
[13.341s] gmake[2]: *** [CMakeFiles/new_armor_tracker.dir/build.make:76: CMakeFiles/new_armor_tracker.dir/src/new_tracker_node.cpp.o] Error 1
[13.341s] gmake[1]: *** [CMakeFiles/Makefile2:139: CMakeFiles/new_armor_tracker.dir/all] Error 2
[13.341s] gmake: *** [Makefile:146: all] Error 2
[13.343s] Invoked command in '/home/ghlins/new_tracker/build/new_armor_tracker' returned '2': AMENT_PREFIX_PATH=/home/ghlins/new_tracker/install/auto_aim_interfaces:${AMENT_PREFIX_PATH} CMAKE_PREFIX_PATH=/home/ghlins/new_tracker/install/auto_aim_interfaces:/opt/ros/humble LD_LIBRARY_PATH=/home/ghlins/new_tracker/install/auto_aim_interfaces/lib:${LD_LIBRARY_PATH} PYTHONPATH=/home/ghlins/new_tracker/install/auto_aim_interfaces/local/lib/python3.10/dist-packages:${PYTHONPATH} /usr/bin/cmake --build /home/ghlins/new_tracker/build/new_armor_tracker -- -j20 -l20
