[0.068s] Invoking command in '/home/ghlins/new_tracker/build/new_armor_tracker': AMENT_PREFIX_PATH=/home/ghlins/new_tracker/install/auto_aim_interfaces:${AMENT_PREFIX_PATH} CMAKE_PREFIX_PATH=/home/ghlins/new_tracker/install/auto_aim_interfaces:/opt/ros/humble LD_LIBRARY_PATH=/home/ghlins/new_tracker/install/auto_aim_interfaces/lib:${LD_LIBRARY_PATH} PYTHONPATH=/home/ghlins/new_tracker/install/auto_aim_interfaces/local/lib/python3.10/dist-packages:${PYTHONPATH} /usr/bin/cmake --build /home/ghlins/new_tracker/build/new_armor_tracker -- -j20 -l20
[0.110s] [35m[1mConsolidate compiler generated dependencies of target new_armor_tracker_node[0m
[0.111s] [35m[1mConsolidate compiler generated dependencies of target new_armor_tracker[0m
[0.139s] [ 50%] [32mBuilding CXX object CMakeFiles/new_armor_tracker.dir/src/new_tracker_node.cpp.o[0m
[0.139s] [ 75%] Built target new_armor_tracker_node
[2.233s] In file included from [01m[K/home/ghlins/new_tracker/src/rm_auto_aim/new_tracker/src/new_tracker_node.cpp:1[m[K:
[2.233s] [01m[K/home/ghlins/new_tracker/src/rm_auto_aim/new_tracker/include/new_tracker/new_tracker_node.hpp:38:19:[m[K [01;31m[Kerror: [m[Kdeduced class type â€˜[01m[Kshared_ptr[m[Kâ€™ in function return type
[2.233s]    38 |   std::shared_ptr [01;31m[Kcalculate_kalman_filter[m[K(float x, float y, float z);
[2.233s]       |                   [01;31m[K^~~~~~~~~~~~~~~~~~~~~~~[m[K
[2.233s] In file included from [01m[K/usr/include/c++/11/bits/shared_ptr.h:53[m[K,
[2.233s]                  from [01m[K/usr/include/c++/11/memory:77[m[K,
[2.233s]                  from [01m[K/opt/ros/humble/include/rclcpp/rclcpp/rclcpp.hpp:153[m[K,
[2.233s]                  from [01m[K/home/ghlins/new_tracker/src/rm_auto_aim/new_tracker/include/new_tracker/new_tracker_node.hpp:5[m[K,
[2.233s]                  from [01m[K/home/ghlins/new_tracker/src/rm_auto_aim/new_tracker/src/new_tracker_node.cpp:1[m[K:
[2.233s] [01m[K/usr/include/c++/11/bits/shared_ptr_base.h:319:11:[m[K [01;36m[Knote: [m[Kâ€˜[01m[Ktemplate<class _Tp> class std::shared_ptr[m[Kâ€™ declared here
[2.233s]   319 |     class [01;36m[Kshared_ptr[m[K;
[2.233s]       |           [01;36m[K^~~~~~~~~~[m[K
[2.268s] [01m[K/home/ghlins/new_tracker/src/rm_auto_aim/new_tracker/src/new_tracker_node.cpp:[m[K In constructor â€˜[01m[Krm_auto_aim::NewTrackerNode::NewTrackerNode(const rclcpp::NodeOptions&)[m[Kâ€™:
[2.268s] [01m[K/home/ghlins/new_tracker/src/rm_auto_aim/new_tracker/src/new_tracker_node.cpp:19:56:[m[K [01;31m[Kerror: [m[Kâ€˜[01m[KArmorCallback[m[Kâ€™ is not a member of â€˜[01m[Krm_auto_aim::NewTrackerNode[m[Kâ€™
[2.268s]    19 |     "/detector/armors", 10, std::bind(&NewTrackerNode::[01;31m[KArmorCallback[m[K, this, std::placeholders::_1));
[2.268s]       |                                                        [01;31m[K^~~~~~~~~~~~~[m[K
[2.281s] [01m[K/home/ghlins/new_tracker/src/rm_auto_aim/new_tracker/src/new_tracker_node.cpp:[m[K In member function â€˜[01m[Kvoid rm_auto_aim::NewTrackerNode::ArmorsCallback(auto_aim_interfaces::msg::Armors_<std::allocator<void> >::SharedPtr)[m[Kâ€™:
[2.281s] [01m[K/home/ghlins/new_tracker/src/rm_auto_aim/new_tracker/src/new_tracker_node.cpp:31:41:[m[K [01;31m[Kerror: [m[Kâ€˜[01m[Kcalculate_kalman_filter[m[Kâ€™ was not declared in this scope
[2.281s]    31 |   CenterCoordinates prediction_center = [01;31m[Kcalculate_kalman_filter[m[K(nearest.pose.position.x , nearest.pose.position.y , nearest.pose.position.z);
[2.281s]       |                                         [01;31m[K^~~~~~~~~~~~~~~~~~~~~~~[m[K
[2.288s] [01m[K/home/ghlins/new_tracker/src/rm_auto_aim/new_tracker/src/new_tracker_node.cpp:[m[K In member function â€˜[01m[Kauto_aim_interfaces::msg::Armor rm_auto_aim::NewTrackerNode::FindNearestArmor(const SharedPtr&)[m[Kâ€™:
[2.288s] [01m[K/home/ghlins/new_tracker/src/rm_auto_aim/new_tracker/src/new_tracker_node.cpp:47:3:[m[K [01;31m[Kerror: [m[Kâ€˜[01m[Ktracked_armor[m[Kâ€™ was not declared in this scope
[2.288s]    47 |   [01;31m[Ktracked_armor[m[K = armors_msg->armors[0];
[2.288s]       |   [01;31m[K^~~~~~~~~~~~~[m[K
[2.293s] [01m[K/home/ghlins/new_tracker/src/rm_auto_aim/new_tracker/src/new_tracker_node.cpp:47:19:[m[K [01;31m[Kerror: [m[Kâ€˜[01m[Karmors_msg[m[Kâ€™ was not declared in this scope; did you mean â€˜[01m[Karmors[m[Kâ€™?
[2.293s]    47 |   tracked_armor = [01;31m[Karmors_msg[m[K->armors[0];
[2.294s]       |                   [01;31m[K^~~~~~~~~~[m[K
[2.294s]       |                   [32m[Karmors[m[K
[2.295s] [01m[K/home/ghlins/new_tracker/src/rm_auto_aim/new_tracker/src/new_tracker_node.cpp:[m[K At global scope:
[2.295s] [01m[K/home/ghlins/new_tracker/src/rm_auto_aim/new_tracker/src/new_tracker_node.cpp:57:1:[m[K [01;31m[Kerror: [m[Kâ€˜[01m[KCenterCoordinates[m[Kâ€™ does not name a type
[2.295s]    57 | [01;31m[KCenterCoordinates[m[K NewTrackerNode::calculate_kalman_filter(float x, float y, float z)
[2.295s]       | [01;31m[K^~~~~~~~~~~~~~~~~[m[K
[2.296s] [01m[K/home/ghlins/new_tracker/src/rm_auto_aim/new_tracker/src/new_tracker_node.cpp:69:1:[m[K [01;31m[Kerror: [m[Kâ€˜[01m[KDeflectionAngle[m[Kâ€™ does not name a type
[2.296s]    69 | [01;31m[KDeflectionAngle[m[K NewTrackerNode::CalculateAngles(float x, float y, float z)
[2.296s]       | [01;31m[K^~~~~~~~~~~~~~~[m[K
[2.963s] gmake[2]: *** [CMakeFiles/new_armor_tracker.dir/build.make:76: CMakeFiles/new_armor_tracker.dir/src/new_tracker_node.cpp.o] Error 1
[2.963s] gmake[1]: *** [CMakeFiles/Makefile2:139: CMakeFiles/new_armor_tracker.dir/all] Error 2
[2.963s] gmake: *** [Makefile:146: all] Error 2
[2.964s] Invoked command in '/home/ghlins/new_tracker/build/new_armor_tracker' returned '2': AMENT_PREFIX_PATH=/home/ghlins/new_tracker/install/auto_aim_interfaces:${AMENT_PREFIX_PATH} CMAKE_PREFIX_PATH=/home/ghlins/new_tracker/install/auto_aim_interfaces:/opt/ros/humble LD_LIBRARY_PATH=/home/ghlins/new_tracker/install/auto_aim_interfaces/lib:${LD_LIBRARY_PATH} PYTHONPATH=/home/ghlins/new_tracker/install/auto_aim_interfaces/local/lib/python3.10/dist-packages:${PYTHONPATH} /usr/bin/cmake --build /home/ghlins/new_tracker/build/new_armor_tracker -- -j20 -l20
